2024-09-19 11:38:14,288 - INFO - hyperparams lstm: {'window_size': 16, 'h_size': 8, 'l_num': 3, 'learning_rate': 0.001, 'batch_size': 20, 'percentage_of_data': 0.8, 'cut_off_timesteps': 50, 'part_of_data': 0, 'epochs': 1, 'test_every_epochs': 500, 'T_max': 500, 'experiment_number': 798}
2024-09-19 11:38:14,288 - INFO - LSTM - Experiment number 798_[]
2024-09-19 11:38:14,288 - INFO - --------------------------------------------------------------------------------------------------------------------------------------------------------------------------------------------------------------------------
2024-09-19 11:38:14,288 - INFO - 

2024-09-19 11:39:07,251 - INFO - hyperparams lstm: {'window_size': 16, 'h_size': 8, 'l_num': 3, 'learning_rate': 0.001, 'batch_size': 20, 'percentage_of_data': 0.8, 'cut_off_timesteps': 50, 'part_of_data': 0, 'epochs': 4, 'test_every_epochs': 500, 'T_max': 500, 'experiment_number': 25}
2024-09-19 11:39:07,251 - INFO - LSTM - Experiment number 25_[]
2024-09-19 11:39:07,251 - INFO - --------------------------------------------------------------------------------------------------------------------------------------------------------------------------------------------------------------------------
2024-09-19 11:39:07,251 - INFO - 

2024-09-19 11:39:56,642 - INFO - hyperparams lstm: {'window_size': 16, 'h_size': 8, 'l_num': 3, 'learning_rate': 0.001, 'batch_size': 20, 'percentage_of_data': 0.8, 'cut_off_timesteps': 50, 'part_of_data': 0, 'epochs': 4, 'test_every_epochs': 500, 'T_max': 500, 'experiment_number': 666}
2024-09-19 11:39:56,642 - INFO - LSTM - Experiment number 666_[]
2024-09-19 11:39:56,642 - INFO - --------------------------------------------------------------------------------------------------------------------------------------------------------------------------------------------------------------------------
2024-09-19 11:39:56,642 - INFO - 

2024-09-19 11:41:28,057 - INFO - hyperparams lstm: {'window_size': 16, 'h_size': 8, 'l_num': 3, 'learning_rate': 0.001, 'batch_size': 20, 'percentage_of_data': 0.8, 'cut_off_timesteps': 50, 'part_of_data': 0, 'epochs': 4, 'test_every_epochs': 2, 'T_max': 500, 'experiment_number': 432}
2024-09-19 11:41:28,057 - INFO - LSTM - Experiment number 432_[3024.249570349472, 2796.103634820377]
2024-09-19 11:41:28,058 - INFO - --------------------------------------------------------------------------------------------------------------------------------------------------------------------------------------------------------------------------
2024-09-19 11:41:28,059 - INFO - 

2024-09-19 11:46:09,567 - INFO - hyperparams lstm: {'window_size': 16, 'h_size': 8, 'l_num': 3, 'learning_rate': 0.001, 'batch_size': 20, 'percentage_of_data': 0.8, 'cut_off_timesteps': 50, 'part_of_data': 0, 'epochs': 2, 'test_every_epochs': 2, 'T_max': 500, 'experiment_number': 324}
2024-09-19 11:46:09,568 - INFO - LSTM - Experiment number 324_[4195.533299406947]
2024-09-19 11:46:09,568 - INFO - --------------------------------------------------------------------------------------------------------------------------------------------------------------------------------------------------------------------------
2024-09-19 11:46:09,568 - INFO - 

2024-09-19 11:51:27,311 - INFO - hyperparams lstm: {'window_size': 16, 'h_size': 8, 'l_num': 3, 'learning_rate': 0.001, 'batch_size': 20, 'percentage_of_data': 0.8, 'cut_off_timesteps': 50, 'part_of_data': 0, 'epochs': 2, 'test_every_epochs': 2, 'T_max': 500, 'experiment_number': 862}
2024-09-19 11:51:27,311 - INFO - LSTM - Experiment number 862_[6330.8571244117065]
2024-09-19 11:51:27,312 - INFO - --------------------------------------------------------------------------------------------------------------------------------------------------------------------------------------------------------------------------
2024-09-19 11:51:27,312 - INFO - 

2024-09-19 12:11:07,675 - INFO - hyperparams lstm: {'window_size': 16, 'h_size': 8, 'l_num': 3, 'learning_rate': 0.001, 'batch_size': 20, 'percentage_of_data': 0.8, 'cut_off_timesteps': 50, 'part_of_data': 0, 'epochs': 20, 'test_every_epochs': 2, 'T_max': 500, 'experiment_number': 3}
2024-09-19 12:11:07,682 - INFO - --------------------------------------------------------------------------------------------------------------------------------------------------------------------------------------------------------------------------
2024-09-19 12:11:07,683 - INFO - 

