2024-07-29 16:20:12,773 - INFO - hyperparams lstm: {'window_size': 16, 'h_size': 8, 'l_num': 3, 'learning_rate': 0.01, 'batch_size': 10000, 'experiment_number': 0, 'epochs': 100, 'input_channels': 3, 'output': 2, 'part_of_data': 100, 'part_of_data_fulldata': 0, 'batch_size_fulldata': 10000, 'percentage_of_data': 0.8, 'drop_half_timesteps': True, 'cut_off_timesteps': 100}
2024-07-29 16:20:12,773 - INFO - hyperparams tcn: {'window_size': 20, 'h_size': 24, 'l_num': 3, 'learning_rate': 0.01, 'batch_size': 10000, 'act_fn': 'relu', 'nonlin_at_out': None, 'experiment_number': 1, 'epochs': 100, 'input_channels': 3, 'output': 2, 'part_of_data': 100, 'part_of_data_fulldata': 0, 'batch_size_fulldata': 10000, 'percentage_of_data': 0.8, 'drop_half_timesteps': True, 'cut_off_timesteps': 100}
2024-07-29 16:20:12,773 - INFO - hyperparams tcn: {'window_size': 30, 'learning_rate': 0.01, 'batch_size': 10000, 'learning_rate_fulldata': 0.01, 'n_hidden': 5, 'levels': 4, 'kernel_size': 7, 'dropout': 0, 'experiment_number': 2, 'epochs': 100, 'input_channels': 3, 'output': 2, 'part_of_data': 100, 'part_of_data_fulldata': 0, 'batch_size_fulldata': 10000, 'percentage_of_data': 0.8, 'drop_half_timesteps': True, 'cut_off_timesteps': 100}
2024-07-29 16:20:12,773 - INFO - Epochs [50, 100]
2024-07-29 16:20:12,773 - INFO - LSTM_derivative []
2024-07-29 16:20:12,774 - INFO - MLP_derivative []
2024-07-29 16:20:12,774 - INFO - TCN_derivative [9.567695828761144, 42.38527495287141]
2024-07-29 16:20:12,774 - INFO - --------------------------------------------------------------------------------------------------------------------------------------------------------------------------------------------------------------------------
2024-07-29 16:20:12,774 - INFO - 

2024-07-29 16:28:09,370 - INFO - hyperparams lstm: {'window_size': 16, 'h_size': 8, 'l_num': 3, 'learning_rate': 0.01, 'batch_size': 10000, 'experiment_number': 0, 'epochs': 100, 'input_channels': 3, 'output': 2, 'part_of_data': 100, 'part_of_data_fulldata': 0, 'batch_size_fulldata': 10000, 'percentage_of_data': 0.8, 'drop_half_timesteps': True, 'cut_off_timesteps': 100}
2024-07-29 16:28:09,370 - INFO - hyperparams tcn: {'window_size': 20, 'h_size': 24, 'l_num': 3, 'learning_rate': 0.01, 'batch_size': 10000, 'act_fn': 'relu', 'nonlin_at_out': None, 'experiment_number': 1, 'epochs': 100, 'input_channels': 3, 'output': 2, 'part_of_data': 100, 'part_of_data_fulldata': 0, 'batch_size_fulldata': 10000, 'percentage_of_data': 0.8, 'drop_half_timesteps': True, 'cut_off_timesteps': 100}
2024-07-29 16:28:09,370 - INFO - hyperparams tcn: {'window_size': 30, 'learning_rate': 0.01, 'batch_size': 10000, 'learning_rate_fulldata': 0.01, 'n_hidden': 5, 'levels': 4, 'kernel_size': 7, 'dropout': 0, 'experiment_number': 2, 'epochs': 100, 'input_channels': 3, 'output': 2, 'part_of_data': 100, 'part_of_data_fulldata': 0, 'batch_size_fulldata': 10000, 'percentage_of_data': 0.8, 'drop_half_timesteps': True, 'cut_off_timesteps': 100}
2024-07-29 16:28:09,370 - INFO - Epochs [50, 100]
2024-07-29 16:28:09,370 - INFO - LSTM_derivative []
2024-07-29 16:28:09,370 - INFO - MLP_derivative []
2024-07-29 16:28:09,370 - INFO - TCN_derivative [1053.2419338305542, 290677.5569878167]
2024-07-29 16:28:09,370 - INFO - --------------------------------------------------------------------------------------------------------------------------------------------------------------------------------------------------------------------------
2024-07-29 16:28:09,370 - INFO - 

2024-07-29 16:33:54,970 - INFO - hyperparams lstm: {'window_size': 16, 'h_size': 8, 'l_num': 3, 'learning_rate': 0.005, 'batch_size': 10000, 'experiment_number': 0, 'epochs': 100, 'input_channels': 3, 'output': 2, 'part_of_data': 100, 'part_of_data_fulldata': 0, 'batch_size_fulldata': 10000, 'percentage_of_data': 0.8, 'drop_half_timesteps': True, 'cut_off_timesteps': 100}
2024-07-29 16:33:54,971 - INFO - hyperparams tcn: {'window_size': 20, 'h_size': 24, 'l_num': 3, 'learning_rate': 0.005, 'batch_size': 10000, 'act_fn': 'relu', 'nonlin_at_out': None, 'experiment_number': 1, 'epochs': 100, 'input_channels': 3, 'output': 2, 'part_of_data': 100, 'part_of_data_fulldata': 0, 'batch_size_fulldata': 10000, 'percentage_of_data': 0.8, 'drop_half_timesteps': True, 'cut_off_timesteps': 100}
2024-07-29 16:33:54,971 - INFO - hyperparams tcn: {'window_size': 30, 'learning_rate': 0.005, 'batch_size': 10000, 'learning_rate_fulldata': 0.005, 'n_hidden': 5, 'levels': 4, 'kernel_size': 7, 'dropout': 0, 'experiment_number': 2, 'epochs': 100, 'input_channels': 3, 'output': 2, 'part_of_data': 100, 'part_of_data_fulldata': 0, 'batch_size_fulldata': 10000, 'percentage_of_data': 0.8, 'drop_half_timesteps': True, 'cut_off_timesteps': 100}
2024-07-29 16:33:54,971 - INFO - Epochs [50, 100]
2024-07-29 16:33:54,971 - INFO - LSTM_derivative []
2024-07-29 16:33:54,971 - INFO - MLP_derivative []
2024-07-29 16:33:54,971 - INFO - TCN_derivative [200.58520439783234, 24.705044247637932]
2024-07-29 16:33:54,971 - INFO - --------------------------------------------------------------------------------------------------------------------------------------------------------------------------------------------------------------------------
2024-07-29 16:33:54,971 - INFO - 

2024-07-29 16:41:44,411 - INFO - hyperparams lstm: {'window_size': 16, 'h_size': 8, 'l_num': 3, 'learning_rate': 0.001, 'batch_size': 2000, 'experiment_number': 0, 'epochs': 100, 'input_channels': 3, 'output': 2, 'part_of_data': 100, 'part_of_data_fulldata': 0, 'batch_size_fulldata': 2000, 'percentage_of_data': 0.8, 'drop_half_timesteps': True, 'cut_off_timesteps': 100}
2024-07-29 16:41:44,412 - INFO - hyperparams tcn: {'window_size': 20, 'h_size': 24, 'l_num': 3, 'learning_rate': 0.001, 'batch_size': 2000, 'act_fn': 'relu', 'nonlin_at_out': None, 'experiment_number': 1, 'epochs': 100, 'input_channels': 3, 'output': 2, 'part_of_data': 100, 'part_of_data_fulldata': 0, 'batch_size_fulldata': 2000, 'percentage_of_data': 0.8, 'drop_half_timesteps': True, 'cut_off_timesteps': 100}
2024-07-29 16:41:44,412 - INFO - hyperparams tcn: {'window_size': 30, 'learning_rate': 0.001, 'batch_size': 2000, 'learning_rate_fulldata': 0.001, 'n_hidden': 5, 'levels': 4, 'kernel_size': 7, 'dropout': 0, 'experiment_number': 2, 'epochs': 100, 'input_channels': 3, 'output': 2, 'part_of_data': 100, 'part_of_data_fulldata': 0, 'batch_size_fulldata': 2000, 'percentage_of_data': 0.8, 'drop_half_timesteps': True, 'cut_off_timesteps': 100}
2024-07-29 16:41:44,412 - INFO - Epochs [50, 100]
2024-07-29 16:41:44,412 - INFO - LSTM_derivative []
2024-07-29 16:41:44,412 - INFO - MLP_derivative []
2024-07-29 16:41:44,412 - INFO - TCN_derivative [6.234561845994474, 1.2957520503274378]
2024-07-29 16:41:44,412 - INFO - --------------------------------------------------------------------------------------------------------------------------------------------------------------------------------------------------------------------------
2024-07-29 16:41:44,412 - INFO - 

2024-07-29 19:29:57,398 - INFO - hyperparams lstm: {'window_size': 16, 'h_size': 8, 'l_num': 3, 'learning_rate': 0.001, 'batch_size': 2000, 'experiment_number': 0, 'epochs': 2000, 'input_channels': 3, 'output': 2, 'part_of_data': 100, 'part_of_data_fulldata': 0, 'learning_rate_fulldata': 0.0005, 'batch_size_fulldata': 2000, 'percentage_of_data': 0.8, 'drop_half_timesteps': True, 'cut_off_timesteps': 100}
2024-07-29 19:29:57,398 - INFO - hyperparams tcn: {'window_size': 20, 'h_size': 24, 'l_num': 3, 'learning_rate': 0.001, 'batch_size': 2000, 'act_fn': 'relu', 'nonlin_at_out': None, 'experiment_number': 1, 'epochs': 2000, 'input_channels': 3, 'output': 2, 'part_of_data': 100, 'part_of_data_fulldata': 0, 'learning_rate_fulldata': 0.0005, 'batch_size_fulldata': 2000, 'percentage_of_data': 0.8, 'drop_half_timesteps': True, 'cut_off_timesteps': 100}
2024-07-29 19:29:57,398 - INFO - hyperparams tcn: {'window_size': 30, 'learning_rate': 0.001, 'batch_size': 2000, 'learning_rate_fulldata': 0.0005, 'n_hidden': 5, 'levels': 4, 'kernel_size': 7, 'dropout': 0, 'experiment_number': 2, 'epochs': 2000, 'input_channels': 3, 'output': 2, 'part_of_data': 100, 'part_of_data_fulldata': 0, 'batch_size_fulldata': 2000, 'percentage_of_data': 0.8, 'drop_half_timesteps': True, 'cut_off_timesteps': 100}
2024-07-29 19:29:57,398 - INFO - Epochs [100, 200, 300, 400, 500, 600, 700, 800, 900, 1000, 1100, 1200, 1300, 1400, 1500, 1600, 1700, 1800, 1900, 2000]
2024-07-29 19:29:57,398 - INFO - LSTM_derivative []
2024-07-29 19:29:57,398 - INFO - MLP_derivative []
2024-07-29 19:29:57,398 - INFO - TCN_derivative [4.106255512277858, 5.914405933656014, 3.787636845383129e+80, 1.1181845147406552e+78, 3.6984787848594346e+76, 7.63083084580967e+75, 3.2141015533108494e+75, 5.376290603541854e+75, 7.45410958842414e+75, 2.8560619317809695e+77, 1.2384777457997168e+76, 1.0485371730774512e+74, 1.7473924885260358e+63, 2.4707360781237022e+54, 4.928752517571771e+56, 1.5786023204864296e+56, 1.004947525308187e+54, 3.773824664106715e+51, 7.876106664482907e+52, 1.0386381062113044e+55]
2024-07-29 19:29:57,398 - INFO - --------------------------------------------------------------------------------------------------------------------------------------------------------------------------------------------------------------------------
2024-07-29 19:29:57,398 - INFO - 

2024-07-30 12:03:26,572 - INFO - hyperparams lstm: {'window_size': 16, 'h_size': 8, 'l_num': 3, 'learning_rate': 0.001, 'batch_size': 2000, 'experiment_number': 0, 'epochs': 2000, 'input_channels': 3, 'output': 2, 'part_of_data': 100, 'part_of_data_fulldata': 0, 'learning_rate_fulldata': 0.0005, 'batch_size_fulldata': 1000, 'percentage_of_data': 0.8, 'drop_half_timesteps': True, 'cut_off_timesteps': 100}
2024-07-30 12:03:26,572 - INFO - hyperparams tcn: {'window_size': 20, 'h_size': 24, 'l_num': 3, 'learning_rate': 0.001, 'batch_size': 2000, 'act_fn': 'relu', 'nonlin_at_out': None, 'experiment_number': 1, 'epochs': 2000, 'input_channels': 3, 'output': 2, 'part_of_data': 100, 'part_of_data_fulldata': 0, 'learning_rate_fulldata': 0.0005, 'batch_size_fulldata': 1000, 'percentage_of_data': 0.8, 'drop_half_timesteps': True, 'cut_off_timesteps': 100}
2024-07-30 12:03:26,572 - INFO - hyperparams tcn: {'window_size': 30, 'learning_rate': 0.001, 'batch_size': 2000, 'learning_rate_fulldata': 0.0005, 'n_hidden': 5, 'levels': 4, 'kernel_size': 7, 'dropout': 0, 'experiment_number': 2, 'epochs': 2000, 'input_channels': 3, 'output': 2, 'part_of_data': 100, 'part_of_data_fulldata': 0, 'batch_size_fulldata': 1000, 'percentage_of_data': 0.8, 'drop_half_timesteps': True, 'cut_off_timesteps': 100}
2024-07-30 12:03:26,572 - INFO - Epochs [100, 200, 300, 400]
2024-07-30 12:03:26,572 - INFO - LSTM_derivative []
2024-07-30 12:03:26,572 - INFO - MLP_derivative []
2024-07-30 12:03:26,572 - INFO - TCN_derivative [1.6055634303055155, 0.10727770833010974, 0.07894119201658391, 0.08945568098964025]
2024-07-30 12:03:26,572 - INFO - --------------------------------------------------------------------------------------------------------------------------------------------------------------------------------------------------------------------------
2024-07-30 12:03:26,573 - INFO - 

