2024-08-08 15:29:48,071 - INFO - hyperparams lstm: {'window_size': 16, 'h_size': 8, 'l_num': 3, 'learning_rate': 0.001, 'batch_size': 20, 'T_max': 100, 'percentage_of_data': 0.8, 'cut_off_timesteps': 0, 'part_of_data': 100, 'epochs': 100, 'test_every_epochs': 50, 'experiment_number': 157}
2024-08-08 15:29:48,072 - INFO - LSTM - Experiment number 157_[0.09949712548830413, 0.08651458073275284]
2024-08-08 15:29:48,072 - INFO - --------------------------------------------------------------------------------------------------------------------------------------------------------------------------------------------------------------------------
2024-08-08 15:29:48,072 - INFO - 

2024-08-08 16:31:47,844 - INFO - hyperparams lstm: {'window_size': 16, 'h_size': 8, 'l_num': 3, 'learning_rate': 0.001, 'batch_size': 20, 'T_max': 20, 'experiment_number': 103, 'percentage_of_data': 0.8, 'cut_off_timesteps': 0, 'part_of_data': 100, 'epochs': 100, 'test_every_epochs': 50}
2024-08-08 16:31:47,844 - INFO - LSTM - Experiment number 103_[0.06417968562603271, 0.04684347038895799]
2024-08-08 16:31:47,844 - INFO - --------------------------------------------------------------------------------------------------------------------------------------------------------------------------------------------------------------------------
2024-08-08 16:31:47,844 - INFO - 

2024-08-08 17:09:07,179 - INFO - hyperparams lstm: {'window_size': 24, 'h_size': 30, 'l_num': 1, 'learning_rate': 0.005, 'batch_size': 40, 'T_max': 50, 'experiment_number': 103, 'percentage_of_data': 0.8, 'cut_off_timesteps': 0, 'part_of_data': 100, 'epochs': 100, 'test_every_epochs': 50}
2024-08-08 17:09:07,180 - INFO - LSTM - Experiment number 103_[0.730464037388503, 0.10232030928364572]
2024-08-08 17:09:07,180 - INFO - --------------------------------------------------------------------------------------------------------------------------------------------------------------------------------------------------------------------------
2024-08-08 17:09:07,180 - INFO - 

2024-08-09 11:15:55,014 - INFO - hyperparams lstm: {'window_size': 24, 'h_size': 30, 'l_num': 1, 'learning_rate': 0.005, 'batch_size': 40, 'T_max': 1000, 'experiment_number': 643, 'percentage_of_data': 0.8, 'cut_off_timesteps': 0, 'part_of_data': 0, 'epochs': 3000, 'test_every_epochs': 200}
2024-08-09 11:15:55,014 - INFO - LSTM - Experiment number 643_[0.08957744832741076, 0.08358246041986472, 0.08191722273331783, 0.07973400118798356, 0.07869474511160196, 0.07013343369303608, 0.007775241514752025, 0.005571027512849979, 0.008398240967683546, 0.00811837229355462, 0.0015384858746862193, 0.002286051138655855, 0.0013019184021527215, 0.0009249138555512065, 0.0010833848471721425]
2024-08-09 11:15:55,014 - INFO - --------------------------------------------------------------------------------------------------------------------------------------------------------------------------------------------------------------------------
2024-08-09 11:15:55,014 - INFO - 

2024-08-09 14:23:33,644 - INFO - hyperparams lstm: {'window_size': 24, 'h_size': 30, 'l_num': 3, 'learning_rate': 0.005, 'batch_size': 30, 'T_max': 1000, 'experiment_number': 188, 'percentage_of_data': 0.8, 'cut_off_timesteps': 0, 'part_of_data': 0, 'epochs': 1, 'test_every_epochs': 200}
2024-08-09 14:23:33,644 - INFO - LSTM - Experiment number 188_[]
2024-08-09 14:23:33,644 - INFO - --------------------------------------------------------------------------------------------------------------------------------------------------------------------------------------------------------------------------
2024-08-09 14:23:33,644 - INFO - 

2024-08-09 14:26:04,830 - INFO - hyperparams lstm: {'window_size': 24, 'h_size': 12, 'l_num': 3, 'learning_rate': 0.005, 'batch_size': 30, 'T_max': 1000, 'experiment_number': 644, 'percentage_of_data': 0.8, 'cut_off_timesteps': 100, 'part_of_data': 0, 'epochs': 1, 'test_every_epochs': 200}
2024-08-09 14:26:04,830 - INFO - LSTM - Experiment number 644_[]
2024-08-09 14:26:04,830 - INFO - --------------------------------------------------------------------------------------------------------------------------------------------------------------------------------------------------------------------------
2024-08-09 14:26:04,830 - INFO - 

2024-08-09 14:28:47,846 - INFO - hyperparams lstm: {'window_size': 24, 'h_size': 12, 'l_num': 3, 'learning_rate': 0.005, 'batch_size': 30, 'T_max': 1000, 'experiment_number': 518, 'percentage_of_data': 0.8, 'cut_off_timesteps': 400, 'part_of_data': 0, 'epochs': 3, 'test_every_epochs': 2}
2024-08-09 14:28:47,847 - INFO - LSTM - Experiment number 518_[0.31316289446322065]
2024-08-09 14:28:47,847 - INFO - --------------------------------------------------------------------------------------------------------------------------------------------------------------------------------------------------------------------------
2024-08-09 14:28:47,847 - INFO - 

2024-08-09 14:29:18,800 - INFO - hyperparams lstm: {'window_size': 24, 'h_size': 12, 'l_num': 3, 'learning_rate': 0.001, 'batch_size': 20, 'T_max': 3000, 'experiment_number': 303, 'percentage_of_data': 0.8, 'cut_off_timesteps': 400, 'part_of_data': 0, 'epochs': 3, 'test_every_epochs': 2}
2024-08-09 14:29:18,800 - INFO - LSTM - Experiment number 303_[0.10788278242756073]
2024-08-09 14:29:18,800 - INFO - --------------------------------------------------------------------------------------------------------------------------------------------------------------------------------------------------------------------------
2024-08-09 14:29:18,800 - INFO - 

2024-08-11 03:20:33,145 - INFO - hyperparams lstm: {'window_size': 24, 'h_size': 12, 'l_num': 3, 'learning_rate': 0.005, 'batch_size': 30, 'T_max': 1000, 'experiment_number': 859, 'percentage_of_data': 0.8, 'cut_off_timesteps': 100, 'part_of_data': 0, 'epochs': 4000, 'test_every_epochs': 200}
2024-08-11 03:20:33,145 - INFO - LSTM - Experiment number 859_[0.016782392363789617, 0.0017443099912803214, 0.002760639901921709, 0.001652040967002819, 0.001462676267398725, 0.0014822396018641928, 0.00105102371260226, 0.004644641461372517, 0.0010470509376009126, 0.0011794847031622667, 0.0008159338698226275, 0.00042232128193212556, 0.0015346225280330045, 0.0004948493942212303, 0.0006452265383813699, 0.000895448155603284, 0.0006109078312846007, 0.0022564247996730382, 0.021314052345140718, 0.012749642649364745]
2024-08-11 03:20:33,145 - INFO - --------------------------------------------------------------------------------------------------------------------------------------------------------------------------------------------------------------------------
2024-08-11 03:20:33,146 - INFO - 

2024-08-12 10:40:51,158 - INFO - hyperparams lstm: {'window_size': 16, 'h_size': 8, 'l_num': 3, 'learning_rate': 0.001, 'batch_size': 20, 'T_max': 3000, 'experiment_number': 303, 'percentage_of_data': 0.8, 'cut_off_timesteps': 100, 'part_of_data': 0, 'epochs': 4000, 'test_every_epochs': 200}
2024-08-12 10:40:51,158 - INFO - LSTM - Experiment number 303_[0.004650431457986443, 0.0031592969944215666, 0.002634814307511354, 0.0019395266478170043, 0.0016051517517672268, 0.0019105907662100362, 0.0015896722317755817, 0.0013764926794912011, 0.0012258266464514546, 0.0011851376371107014, 0.0017007669759519569, 0.0016214849275757543, 0.0013534278053180708, 0.001423699405980051, 0.0014031724840069303, 0.0013870280707289576, 0.0012591256313810551, 0.0013870277107948601, 0.0014798639505762782, 0.0010700156896975097]
2024-08-12 10:40:51,159 - INFO - --------------------------------------------------------------------------------------------------------------------------------------------------------------------------------------------------------------------------
2024-08-12 10:40:51,159 - INFO - 

