2024-06-25 16:35:02,235 - INFO - hyperparams: {'experiment_number': 0, 'window_size': 50, 'epochs': 50, 'learning_rate': 0.001, 'part_of_data': 10, 'percentage_of_data': 0.7, 'batch_size': 20, 'future': 1, 'drop_half_timesteps': True, 'cut_off_timesteps': 0, 'input_channels': 3, 'output': 2, 'n_hidden': 5, 'levels': 4, 'kernel_size': 5, 'dropout': 0}
2024-06-25 16:35:02,235 - INFO - --------------------------------------------------------------------------------------------------------------------------------------------------------------------------------------------------------------------------
2024-06-25 16:35:02,235 - INFO - 

2024-06-25 16:41:02,535 - INFO - hyperparams: {'experiment_number': 0, 'window_size': 50, 'epochs': 50, 'learning_rate': 0.001, 'part_of_data': 10, 'percentage_of_data': 0.7, 'batch_size': 20, 'future': 1, 'drop_half_timesteps': True, 'cut_off_timesteps': 0, 'input_channels': 3, 'output': 2, 'n_hidden': 5, 'levels': 4, 'kernel_size': 5, 'dropout': 0}
2024-06-25 16:41:02,535 - INFO - --------------------------------------------------------------------------------------------------------------------------------------------------------------------------------------------------------------------------
2024-06-25 16:41:02,536 - INFO - 

2024-06-25 16:53:30,502 - INFO - hyperparams: {'window_size': 50, 'learning_rate': 0.001, 'batch_size': 20, 'cut_off_timesteps': 0, 'n_hidden': 5, 'levels': 4, 'kernel_size': 5, 'dropout': 0, 'experiment_number': 0, 'epochs': 1, 'input_channels': 3, 'output': 2, 'part_of_data': 5, 'percentage_of_data': 0.7, 'future': 1, 'drop_half_timesteps': True}
2024-06-25 16:53:30,502 - INFO - --------------------------------------------------------------------------------------------------------------------------------------------------------------------------------------------------------------------------
2024-06-25 16:53:30,502 - INFO - 

2024-06-25 16:53:31,954 - INFO - hyperparams: {'window_size': 25, 'learning_rate': 0.001, 'batch_size': 20, 'cut_off_timesteps': 0, 'n_hidden': 5, 'levels': 4, 'kernel_size': 5, 'dropout': 0, 'experiment_number': 1, 'epochs': 1, 'input_channels': 3, 'output': 2, 'part_of_data': 5, 'percentage_of_data': 0.7, 'future': 1, 'drop_half_timesteps': True}
2024-06-25 16:53:31,954 - INFO - --------------------------------------------------------------------------------------------------------------------------------------------------------------------------------------------------------------------------
2024-06-25 16:53:31,954 - INFO - 

2024-06-25 16:53:33,374 - INFO - hyperparams: {'window_size': 25, 'learning_rate': 0.001, 'batch_size': 20, 'cut_off_timesteps': 0, 'n_hidden': 5, 'levels': 4, 'kernel_size': 2, 'dropout': 0, 'experiment_number': 2, 'epochs': 1, 'input_channels': 3, 'output': 2, 'part_of_data': 5, 'percentage_of_data': 0.7, 'future': 1, 'drop_half_timesteps': True}
2024-06-25 16:53:33,374 - INFO - --------------------------------------------------------------------------------------------------------------------------------------------------------------------------------------------------------------------------
2024-06-25 16:53:33,374 - INFO - 

2024-06-25 16:53:34,819 - INFO - hyperparams: {'window_size': 25, 'learning_rate': 0.001, 'batch_size': 20, 'cut_off_timesteps': 0, 'n_hidden': 5, 'levels': 4, 'kernel_size': 7, 'dropout': 0, 'experiment_number': 3, 'epochs': 1, 'input_channels': 3, 'output': 2, 'part_of_data': 5, 'percentage_of_data': 0.7, 'future': 1, 'drop_half_timesteps': True}
2024-06-25 16:53:34,819 - INFO - --------------------------------------------------------------------------------------------------------------------------------------------------------------------------------------------------------------------------
2024-06-25 16:53:34,819 - INFO - 

2024-06-25 16:53:36,992 - INFO - hyperparams: {'window_size': 50, 'learning_rate': 0.001, 'batch_size': 20, 'cut_off_timesteps': 0, 'n_hidden': 6, 'levels': 8, 'kernel_size': 4, 'dropout': 0, 'experiment_number': 4, 'epochs': 1, 'input_channels': 3, 'output': 2, 'part_of_data': 5, 'percentage_of_data': 0.7, 'future': 1, 'drop_half_timesteps': True}
2024-06-25 16:53:36,992 - INFO - --------------------------------------------------------------------------------------------------------------------------------------------------------------------------------------------------------------------------
2024-06-25 16:53:36,992 - INFO - 

2024-06-25 18:22:01,942 - INFO - hyperparams: {'window_size': 50, 'learning_rate': 0.001, 'batch_size': 20, 'cut_off_timesteps': 0, 'n_hidden': 5, 'levels': 4, 'kernel_size': 5, 'dropout': 0, 'experiment_number': 0, 'epochs': 300, 'input_channels': 3, 'output': 2, 'part_of_data': 100, 'percentage_of_data': 0.7, 'future': 1, 'drop_half_timesteps': True}
2024-06-25 18:22:01,942 - INFO - --------------------------------------------------------------------------------------------------------------------------------------------------------------------------------------------------------------------------
2024-06-25 18:22:01,942 - INFO - 

2024-06-25 19:49:39,457 - INFO - hyperparams: {'window_size': 25, 'learning_rate': 0.001, 'batch_size': 20, 'cut_off_timesteps': 0, 'n_hidden': 5, 'levels': 4, 'kernel_size': 5, 'dropout': 0, 'experiment_number': 1, 'epochs': 300, 'input_channels': 3, 'output': 2, 'part_of_data': 100, 'percentage_of_data': 0.7, 'future': 1, 'drop_half_timesteps': True}
2024-06-25 19:49:39,457 - INFO - --------------------------------------------------------------------------------------------------------------------------------------------------------------------------------------------------------------------------
2024-06-25 19:49:39,457 - INFO - 

2024-06-25 21:16:41,730 - INFO - hyperparams: {'window_size': 25, 'learning_rate': 0.001, 'batch_size': 20, 'cut_off_timesteps': 0, 'n_hidden': 5, 'levels': 4, 'kernel_size': 2, 'dropout': 0, 'experiment_number': 2, 'epochs': 300, 'input_channels': 3, 'output': 2, 'part_of_data': 100, 'percentage_of_data': 0.7, 'future': 1, 'drop_half_timesteps': True}
2024-06-25 21:16:41,730 - INFO - --------------------------------------------------------------------------------------------------------------------------------------------------------------------------------------------------------------------------
2024-06-25 21:16:41,730 - INFO - 

2024-06-25 22:44:22,987 - INFO - hyperparams: {'window_size': 25, 'learning_rate': 0.001, 'batch_size': 20, 'cut_off_timesteps': 0, 'n_hidden': 5, 'levels': 4, 'kernel_size': 7, 'dropout': 0, 'experiment_number': 3, 'epochs': 300, 'input_channels': 3, 'output': 2, 'part_of_data': 100, 'percentage_of_data': 0.7, 'future': 1, 'drop_half_timesteps': True}
2024-06-25 22:44:22,987 - INFO - --------------------------------------------------------------------------------------------------------------------------------------------------------------------------------------------------------------------------
2024-06-25 22:44:22,987 - INFO - 

2024-06-26 01:08:46,720 - INFO - hyperparams: {'window_size': 50, 'learning_rate': 0.001, 'batch_size': 20, 'cut_off_timesteps': 0, 'n_hidden': 6, 'levels': 8, 'kernel_size': 4, 'dropout': 0, 'experiment_number': 4, 'epochs': 300, 'input_channels': 3, 'output': 2, 'part_of_data': 100, 'percentage_of_data': 0.7, 'future': 1, 'drop_half_timesteps': True}
2024-06-26 01:08:46,720 - INFO - --------------------------------------------------------------------------------------------------------------------------------------------------------------------------------------------------------------------------
2024-06-26 01:08:46,720 - INFO - 

2024-06-26 03:18:07,432 - INFO - hyperparams: {'window_size': 25, 'learning_rate': 0.001, 'batch_size': 20, 'cut_off_timesteps': 0, 'n_hidden': 5, 'levels': 7, 'kernel_size': 3, 'dropout': 0, 'experiment_number': 5, 'epochs': 300, 'input_channels': 3, 'output': 2, 'part_of_data': 100, 'percentage_of_data': 0.7, 'future': 1, 'drop_half_timesteps': True}
2024-06-26 03:18:07,432 - INFO - --------------------------------------------------------------------------------------------------------------------------------------------------------------------------------------------------------------------------
2024-06-26 03:18:07,432 - INFO - 

2024-06-26 19:23:58,197 - INFO - hyperparams: {'window_size': 50, 'learning_rate': 0.001, 'batch_size': 20, 'cut_off_timesteps': 0, 'n_hidden': 5, 'levels': 4, 'kernel_size': 7, 'dropout': 0, 'experiment_number': 0, 'epochs': 500, 'input_channels': 3, 'output': 2, 'part_of_data': 200, 'percentage_of_data': 0.7, 'future': 1, 'drop_half_timesteps': True}
2024-06-26 19:23:58,197 - INFO - --------------------------------------------------------------------------------------------------------------------------------------------------------------------------------------------------------------------------
2024-06-26 19:23:58,197 - INFO - 

2024-06-27 19:16:07,172 - INFO - hyperparams: {'window_size': 50, 'learning_rate': 0.001, 'batch_size': 20, 'cut_off_timesteps': 0, 'n_hidden': 5, 'levels': 4, 'kernel_size': 7, 'dropout': 0, 'experiment_number': 0, 'epochs': 500, 'input_channels': 3, 'output': 2, 'part_of_data': 200, 'percentage_of_data': 0.7, 'future': 1, 'drop_half_timesteps': True}
2024-06-27 19:16:07,172 - INFO - --------------------------------------------------------------------------------------------------------------------------------------------------------------------------------------------------------------------------
2024-06-27 19:16:07,172 - INFO - 

2024-06-27 23:46:29,461 - INFO - hyperparams: {'window_size': 25, 'learning_rate': 0.001, 'batch_size': 20, 'cut_off_timesteps': 0, 'n_hidden': 5, 'levels': 4, 'kernel_size': 7, 'dropout': 0, 'experiment_number': 1, 'epochs': 500, 'input_channels': 3, 'output': 2, 'part_of_data': 200, 'percentage_of_data': 0.7, 'future': 1, 'drop_half_timesteps': True}
2024-06-27 23:46:29,461 - INFO - --------------------------------------------------------------------------------------------------------------------------------------------------------------------------------------------------------------------------
2024-06-27 23:46:29,461 - INFO - 

2024-06-28 00:55:18,448 - INFO - hyperparams: {'window_size': 50, 'learning_rate': 0.001, 'batch_size': 100, 'cut_off_timesteps': 0, 'n_hidden': 5, 'levels': 4, 'kernel_size': 7, 'dropout': 0, 'experiment_number': 2, 'epochs': 500, 'input_channels': 3, 'output': 2, 'part_of_data': 200, 'percentage_of_data': 0.7, 'future': 1, 'drop_half_timesteps': True}
2024-06-28 00:55:18,448 - INFO - --------------------------------------------------------------------------------------------------------------------------------------------------------------------------------------------------------------------------
2024-06-28 00:55:18,448 - INFO - 

2024-06-28 01:41:17,729 - INFO - hyperparams: {'window_size': 25, 'learning_rate': 0.001, 'batch_size': 200, 'cut_off_timesteps': 0, 'n_hidden': 5, 'levels': 4, 'kernel_size': 7, 'dropout': 0, 'experiment_number': 3, 'epochs': 500, 'input_channels': 3, 'output': 2, 'part_of_data': 200, 'percentage_of_data': 0.7, 'future': 1, 'drop_half_timesteps': True}
2024-06-28 01:41:17,729 - INFO - --------------------------------------------------------------------------------------------------------------------------------------------------------------------------------------------------------------------------
2024-06-28 01:41:17,729 - INFO - 

2024-06-28 02:58:35,049 - INFO - hyperparams: {'window_size': 25, 'learning_rate': 0.001, 'batch_size': 100, 'cut_off_timesteps': 0, 'n_hidden': 6, 'levels': 5, 'kernel_size': 7, 'dropout': 0, 'experiment_number': 4, 'epochs': 500, 'input_channels': 3, 'output': 2, 'part_of_data': 200, 'percentage_of_data': 0.7, 'future': 1, 'drop_half_timesteps': True}
2024-06-28 02:58:35,057 - INFO - --------------------------------------------------------------------------------------------------------------------------------------------------------------------------------------------------------------------------
2024-06-28 02:58:35,057 - INFO - 

2024-06-30 00:10:29,487 - INFO - hyperparams: {'window_size': 50, 'learning_rate': 0.001, 'batch_size': 20, 'cut_off_timesteps': 0, 'n_hidden': 5, 'levels': 4, 'kernel_size': 7, 'dropout': 0, 'experiment_number': 0, 'epochs': 2000, 'input_channels': 3, 'output': 2, 'part_of_data': 0, 'percentage_of_data': 0.7, 'future': 1, 'drop_half_timesteps': True}
2024-06-30 00:10:29,487 - INFO - --------------------------------------------------------------------------------------------------------------------------------------------------------------------------------------------------------------------------
2024-06-30 00:10:29,487 - INFO - 

2024-07-01 11:33:58,685 - INFO - hyperparams: {'window_size': 25, 'learning_rate': 0.001, 'batch_size': 20, 'cut_off_timesteps': 0, 'n_hidden': 5, 'levels': 4, 'kernel_size': 7, 'dropout': 0, 'experiment_number': 0, 'epochs': 200, 'input_channels': 3, 'output': 2, 'part_of_data': 100, 'percentage_of_data': 0.7, 'future': 1, 'drop_half_timesteps': True}
2024-07-01 11:33:58,686 - INFO - --------------------------------------------------------------------------------------------------------------------------------------------------------------------------------------------------------------------------
2024-07-01 11:33:58,686 - INFO - 

2024-07-01 12:28:50,429 - INFO - hyperparams: {'window_size': 10, 'learning_rate': 0.001, 'batch_size': 20, 'cut_off_timesteps': 0, 'n_hidden': 5, 'levels': 4, 'kernel_size': 7, 'dropout': 0, 'experiment_number': 1, 'epochs': 200, 'input_channels': 3, 'output': 2, 'part_of_data': 100, 'percentage_of_data': 0.7, 'future': 1, 'drop_half_timesteps': True}
2024-07-01 12:28:50,429 - INFO - --------------------------------------------------------------------------------------------------------------------------------------------------------------------------------------------------------------------------
2024-07-01 12:28:50,430 - INFO - 

2024-07-01 13:45:00,823 - INFO - hyperparams: {'window_size': 25, 'learning_rate': 0.001, 'batch_size': 20, 'cut_off_timesteps': 0, 'n_hidden': 4, 'levels': 6, 'kernel_size': 8, 'dropout': 0.01, 'experiment_number': 2, 'epochs': 200, 'input_channels': 3, 'output': 2, 'part_of_data': 100, 'percentage_of_data': 0.7, 'future': 1, 'drop_half_timesteps': True}
2024-07-01 13:45:00,823 - INFO - --------------------------------------------------------------------------------------------------------------------------------------------------------------------------------------------------------------------------
2024-07-01 13:45:00,824 - INFO - 

2024-07-02 02:12:08,908 - INFO - hyperparams: {'window_size': 30, 'learning_rate': 0.001, 'batch_size': 20, 'cut_off_timesteps': 100, 'n_hidden': 5, 'levels': 4, 'kernel_size': 7, 'dropout': 0, 'experiment_number': 0, 'epochs': 1000, 'input_channels': 3, 'output': 2, 'part_of_data': 0, 'percentage_of_data': 0.7, 'future': 1, 'drop_half_timesteps': True}
2024-07-02 02:12:08,909 - INFO - --------------------------------------------------------------------------------------------------------------------------------------------------------------------------------------------------------------------------
2024-07-02 02:12:08,909 - INFO - 

2024-07-04 17:10:26,449 - INFO - hyperparams: {'window_size': 40, 'learning_rate': 0.001, 'batch_size': 30, 'cut_off_timesteps': 0, 'n_hidden': 6, 'levels': 5, 'kernel_size': 7, 'dropout': 0, 'experiment_number': 0, 'epochs': 2, 'input_channels': 3, 'output': 2, 'part_of_data': 0, 'percentage_of_data': 0.8, 'drop_half_timesteps': True}
2024-07-04 17:10:26,449 - INFO - --------------------------------------------------------------------------------------------------------------------------------------------------------------------------------------------------------------------------
2024-07-04 17:10:26,449 - INFO - 

