2024-05-10 17:05:26,395 - INFO - config output: {'lr': 0.0004194258427801846, 'ws': 3, 'bs': 18, 'hs': 29, 'ls': 1}
2024-05-10 17:19:43,161 - INFO - config output: {'lr': 0.0005587577160841077, 'ws': 8, 'bs': 15, 'hs': 29, 'ls': 2}
2024-05-10 17:29:35,609 - INFO - config output: {'lr': 0.0007986942612622843, 'ws': 16, 'bs': 14, 'hs': 28, 'ls': 1}
2024-05-10 17:49:15,209 - INFO - config output: {'lr': 0.000105501314759928, 'ws': 9, 'bs': 56, 'hs': 27, 'ls': 3}
2024-05-10 18:00:35,396 - INFO - config output: {'lr': 0.0005937390186253351, 'ws': 10, 'bs': 24, 'hs': 32, 'ls': 2}
2024-05-13 11:06:14,191 - INFO - config output: {'lr': 0.0006226762071294569, 'ws': 9, 'bs': 51, 'hs': 13, 'ls': 2}
2024-05-13 12:07:42,118 - INFO - config output: {'lr': 0.00012239883521365045, 'ws': 6, 'bs': 23, 'hs': 16}
2024-05-13 12:42:13,518 - INFO - config output: {'lr': 0.0007346099001435159, 'ws': 1, 'bs': 8, 'hs': 4}
2024-05-14 10:49:20,659 - INFO - config output: {'lr': 0.00023798350239782447, 'ws': 11, 'bs': 124, 'hs': 21, 'fu': 32}
2024-05-14 12:11:42,975 - INFO - hyperparams: {'experiment_number': 36263, 'window_size': 4, 'h_size': 5, 'l_num': 1, 'epochs': 20, 'learning_rate': 0.0005, 'part_of_data': 0, 'weight_decay': 1e-05, 'percentage_of_data': 0.8, 'future_decay': 1, 'batch_size': 64, 'future': 4}
2024-05-14 12:11:42,975 - INFO - Final train error over whole traj (average over some inits) [31.18015943357742, 8.621728910173854, 10.229533958985433, 17.812585151723624]
2024-05-14 12:11:42,975 - INFO - Final test error over whole traj (average over some inits) [13.0076776414024, 13.579868623792372, 9.29225116652978, 10.602803574942627]
2024-05-14 12:11:42,975 - INFO - --------------------------------------------------------------------------------------------------------------------------------------------------------------------------------------------------------------------------
2024-05-14 12:11:42,975 - INFO - 

2024-05-14 12:15:30,715 - INFO - hyperparams: {'experiment_number': 23123, 'window_size': 4, 'h_size': 5, 'l_num': 1, 'epochs': 20, 'learning_rate': 0.0005, 'part_of_data': 0, 'weight_decay': 1e-05, 'percentage_of_data': 0.8, 'future_decay': 1, 'batch_size': 64, 'future': 1}
2024-05-14 12:15:30,715 - INFO - Final train error over whole traj (average over some inits) [8.504272014853541, 4.971616198866292, 7.021484590437286, 9.935972088401444]
2024-05-14 12:15:30,715 - INFO - Final test error over whole traj (average over some inits) [7.277914268050507, 5.956874815415857, 6.699897643626245, 8.538870446770598]
2024-05-14 12:15:30,715 - INFO - --------------------------------------------------------------------------------------------------------------------------------------------------------------------------------------------------------------------------
2024-05-14 12:15:30,715 - INFO - 

2024-05-14 12:24:13,678 - INFO - hyperparams: {'experiment_number': 36263, 'window_size': 4, 'h_size': 5, 'l_num': 1, 'epochs': 20, 'learning_rate': 0.0005, 'part_of_data': 0, 'weight_decay': 1e-05, 'percentage_of_data': 0.8, 'future_decay': 1, 'batch_size': 64, 'future': 4}
2024-05-14 12:24:13,679 - INFO - Final train error over whole traj (average over some inits) [6.728537046266668, 6.5628720652053545, 6.242914135416799, 6.168159029712438]
2024-05-14 12:24:13,679 - INFO - Final test error over whole traj (average over some inits) [11.241229925387735, 11.189731151623599, 12.167036094169829, 15.409138776612311]
2024-05-14 12:24:13,679 - INFO - --------------------------------------------------------------------------------------------------------------------------------------------------------------------------------------------------------------------------
2024-05-14 12:24:13,679 - INFO - 

2024-05-14 12:28:18,819 - INFO - hyperparams: {'experiment_number': 23123, 'window_size': 4, 'h_size': 5, 'l_num': 1, 'epochs': 20, 'learning_rate': 0.0005, 'part_of_data': 0, 'weight_decay': 1e-05, 'percentage_of_data': 0.8, 'future_decay': 1, 'batch_size': 64, 'future': 1}
2024-05-14 12:28:18,819 - INFO - Final train error over whole traj (average over some inits) [7.421678998904506, 7.063146466950854, 7.653956459667649, 7.848287345875628]
2024-05-14 12:28:18,819 - INFO - Final test error over whole traj (average over some inits) [12.820428340586151, 268.3838614240689, 54.34533647751979, 15.483345304665619]
2024-05-14 12:28:18,819 - INFO - --------------------------------------------------------------------------------------------------------------------------------------------------------------------------------------------------------------------------
2024-05-14 12:28:18,819 - INFO - 

