2024-07-23 15:27:02,548 - INFO - hyperparams tcn: {'window_size': 30, 'learning_rate': 0.001, 'batch_size': 20, 'n_hidden': 5, 'levels': 4, 'kernel_size': 7, 'dropout': 0, 'experiment_number': 0, 'epochs': 1, 'input_channels': 3, 'output': 2, 'part_of_data': 10, 'percentage_of_data': 0.7, 'drop_half_timesteps': True, 'cut_off_timesteps': 100}
2024-07-23 15:27:02,548 - INFO - Epochs []
2024-07-23 15:27:02,548 - INFO - TCN []
2024-07-23 15:27:02,548 - INFO - TCN []
2024-07-23 15:27:02,551 - INFO - --------------------------------------------------------------------------------------------------------------------------------------------------------------------------------------------------------------------------
2024-07-23 15:27:02,552 - INFO - 

2024-07-23 16:56:55,595 - INFO - hyperparams tcn: {'window_size': 30, 'learning_rate': 0.001, 'batch_size': 20, 'n_hidden': 5, 'levels': 4, 'kernel_size': 7, 'dropout': 0, 'experiment_number': 0, 'epochs': 20, 'input_channels': 3, 'output': 2, 'part_of_data': 20, 'percentage_of_data': 0.99, 'drop_half_timesteps': True, 'cut_off_timesteps': 100}
2024-07-23 16:56:55,595 - INFO - Epochs [4, 8, 12, 16, 20]
2024-07-23 16:56:55,595 - INFO - TCN [5816.557508840434, 3056.402876300411, 1039.0431546817333, 146.40796850417655, 10.127000029921419]
2024-07-23 16:56:55,595 - INFO - TCN [5816.557508840434, 3056.402876300411, 1039.0431546817333, 146.40796850417655, 10.127000029921419]
2024-07-23 16:56:55,611 - INFO - --------------------------------------------------------------------------------------------------------------------------------------------------------------------------------------------------------------------------
2024-07-23 16:56:55,611 - INFO - 

2024-07-23 17:05:38,568 - INFO - hyperparams tcn: {'window_size': 30, 'learning_rate': 0.001, 'batch_size': 20, 'n_hidden': 5, 'levels': 4, 'kernel_size': 7, 'dropout': 0, 'experiment_number': 0, 'epochs': 20, 'input_channels': 3, 'output': 2, 'part_of_data': 20, 'percentage_of_data': 0.99, 'drop_half_timesteps': True, 'cut_off_timesteps': 100}
2024-07-23 17:05:38,568 - INFO - Epochs [4, 8, 12, 16, 20]
2024-07-23 17:05:38,569 - INFO - TCN [133.28366829839047, 2.9497695539172737, 0.2198633227905386, 0.074316963968648, 0.031955426617514035]
2024-07-23 17:05:38,569 - INFO - TCN [0.13613732838358433, 0.12928430544660166, 0.11734951790084319, 0.10134111494694388, 0.10281917170272066]
2024-07-23 17:05:38,569 - INFO - --------------------------------------------------------------------------------------------------------------------------------------------------------------------------------------------------------------------------
2024-07-23 17:05:38,569 - INFO - 

2024-07-25 00:28:35,115 - INFO - hyperparams tcn: {'window_size': 30, 'learning_rate': 0.001, 'batch_size': 20, 'n_hidden': 5, 'levels': 4, 'kernel_size': 7, 'dropout': 0, 'experiment_number': 0, 'epochs': 1000, 'input_channels': 3, 'output': 2, 'part_of_data': 0, 'percentage_of_data': 0.99, 'drop_half_timesteps': True, 'cut_off_timesteps': 200}
2024-07-25 00:28:35,115 - INFO - Epochs [200, 400, 600, 800, 1000]
2024-07-25 00:28:35,115 - INFO - TCN test [0.03457073012173822, 0.019854345632209388, 0.01711504287789903, 0.01677997319648298, 0.014521175035743364]
2024-07-25 00:28:35,115 - INFO - TCN_nextstep test [0.08463706274564697, 0.03797053939767196, 0.01803303998297819, 0.015080054534575544, 0.013597558520631508]
2024-07-25 00:28:35,115 - INFO - TCN train [0.03300916898141715, 0.015916494837997883, 0.01139468102685946, 0.011653784431081539, 0.012514506713476045]
2024-07-25 00:28:35,115 - INFO - TCN_nextstep train [0.05269652581382423, 0.024965308243867338, 0.014942938662322434, 0.013198562543000879, 0.011893282421030148]
2024-07-25 00:28:35,115 - INFO - --------------------------------------------------------------------------------------------------------------------------------------------------------------------------------------------------------------------------
2024-07-25 00:28:35,115 - INFO - 

