2024-06-20 19:34:35,220 - INFO - hyperparams: {'experiment_number': 0, 'window_size': 5, 'h_size': 8, 'l_num': 3, 'epochs': 500, 'learning_rate': 0.001, 'part_of_data': 0, 'weight_decay': 1e-05, 'percentage_of_data': 0.8, 'batch_size': 200, 'cut_off_timesteps': 0, 'drop_half_timesteps': True, 'act_fn': 'tanh', 'nonlin_at_out': None}
2024-06-20 19:34:35,220 - INFO - Final train error over whole traj (average over some inits) [0.9724064431810688, 0.9001511403984066]
2024-06-20 19:34:35,220 - INFO - Final test error over whole traj (average over some inits) []
2024-06-20 19:34:35,220 - INFO - --------------------------------------------------------------------------------------------------------------------------------------------------------------------------------------------------------------------------
2024-06-20 19:34:35,220 - INFO - 

2024-06-20 21:58:23,837 - INFO - hyperparams: {'experiment_number': 1, 'window_size': 5, 'h_size': 8, 'l_num': 3, 'epochs': 500, 'learning_rate': 0.001, 'part_of_data': 0, 'weight_decay': 1e-05, 'percentage_of_data': 0.8, 'batch_size': 200, 'cut_off_timesteps': 0, 'drop_half_timesteps': True, 'act_fn': 'relu', 'nonlin_at_out': None}
2024-06-20 21:58:23,837 - INFO - Final train error over whole traj (average over some inits) [0.8213248739135314, 0.8116121489397196]
2024-06-20 21:58:23,837 - INFO - Final test error over whole traj (average over some inits) []
2024-06-20 21:58:23,837 - INFO - --------------------------------------------------------------------------------------------------------------------------------------------------------------------------------------------------------------------------
2024-06-20 21:58:23,837 - INFO - 

2024-06-21 00:18:20,554 - INFO - hyperparams: {'experiment_number': 2, 'window_size': 8, 'h_size': 8, 'l_num': 3, 'epochs': 500, 'learning_rate': 0.001, 'part_of_data': 0, 'weight_decay': 1e-05, 'percentage_of_data': 0.8, 'batch_size': 200, 'cut_off_timesteps': 0, 'drop_half_timesteps': True, 'act_fn': 'relu', 'nonlin_at_out': None}
2024-06-21 00:18:20,555 - INFO - Final train error over whole traj (average over some inits) [0.5498966334794213, 0.5536586908654412]
2024-06-21 00:18:20,555 - INFO - Final test error over whole traj (average over some inits) []
2024-06-21 00:18:20,555 - INFO - --------------------------------------------------------------------------------------------------------------------------------------------------------------------------------------------------------------------------
2024-06-21 00:18:20,555 - INFO - 

2024-06-21 02:56:27,009 - INFO - hyperparams: {'experiment_number': 3, 'window_size': 5, 'h_size': 8, 'l_num': 3, 'epochs': 500, 'learning_rate': 0.001, 'part_of_data': 0, 'weight_decay': 1e-05, 'percentage_of_data': 0.8, 'batch_size': 100, 'cut_off_timesteps': 0, 'drop_half_timesteps': True, 'act_fn': 'relu', 'nonlin_at_out': None}
2024-06-21 02:56:27,009 - INFO - Final train error over whole traj (average over some inits) [0.4587176422943786, 0.460771938280854]
2024-06-21 02:56:27,009 - INFO - Final test error over whole traj (average over some inits) []
2024-06-21 02:56:27,009 - INFO - --------------------------------------------------------------------------------------------------------------------------------------------------------------------------------------------------------------------------
2024-06-21 02:56:27,009 - INFO - 

2024-06-21 04:54:00,181 - INFO - hyperparams: {'experiment_number': 4, 'window_size': 5, 'h_size': 8, 'l_num': 3, 'epochs': 500, 'learning_rate': 0.001, 'part_of_data': 0, 'weight_decay': 1e-05, 'percentage_of_data': 0.8, 'batch_size': 2000, 'cut_off_timesteps': 0, 'drop_half_timesteps': True, 'act_fn': 'relu', 'nonlin_at_out': None}
2024-06-21 04:54:00,181 - INFO - Final train error over whole traj (average over some inits) [0.948594588153122, 1.318946784877917]
2024-06-21 04:54:00,181 - INFO - Final test error over whole traj (average over some inits) []
2024-06-21 04:54:00,181 - INFO - --------------------------------------------------------------------------------------------------------------------------------------------------------------------------------------------------------------------------
2024-06-21 04:54:00,181 - INFO - 

2024-06-21 11:08:34,786 - INFO - hyperparams: {'experiment_number': 0, 'window_size': 4, 'h_size': 6, 'l_num': 8, 'epochs': 500, 'learning_rate': 0.001, 'part_of_data': 10, 'weight_decay': 1e-05, 'percentage_of_data': 0.8, 'batch_size': 200, 'cut_off_timesteps': 0, 'drop_half_timesteps': True, 'act_fn': 'tanh', 'nonlin_at_out': None}
2024-06-21 11:08:34,786 - INFO - Final train error over whole traj (average over some inits) [0.6235989154576356, 0.45231268309302886]
2024-06-21 11:08:34,786 - INFO - Final test error over whole traj (average over some inits) []
2024-06-21 11:08:34,786 - INFO - --------------------------------------------------------------------------------------------------------------------------------------------------------------------------------------------------------------------------
2024-06-21 11:08:34,786 - INFO - 

2024-06-21 11:09:38,766 - INFO - hyperparams: {'experiment_number': 1, 'window_size': 25, 'h_size': 128, 'l_num': 1, 'epochs': 500, 'learning_rate': 0.001, 'part_of_data': 10, 'weight_decay': 1e-05, 'percentage_of_data': 0.8, 'batch_size': 200, 'cut_off_timesteps': 0, 'drop_half_timesteps': True, 'act_fn': 'relu', 'nonlin_at_out': None}
2024-06-21 11:09:38,766 - INFO - Final train error over whole traj (average over some inits) [0.013647538537507973, 0.055640419436587346]
2024-06-21 11:09:38,766 - INFO - Final test error over whole traj (average over some inits) []
2024-06-21 11:09:38,766 - INFO - --------------------------------------------------------------------------------------------------------------------------------------------------------------------------------------------------------------------------
2024-06-21 11:09:38,766 - INFO - 

2024-06-21 11:11:01,306 - INFO - hyperparams: {'experiment_number': 2, 'window_size': 8, 'h_size': 8, 'l_num': 10, 'epochs': 500, 'learning_rate': 0.001, 'part_of_data': 10, 'weight_decay': 1e-05, 'percentage_of_data': 0.8, 'batch_size': 200, 'cut_off_timesteps': 0, 'drop_half_timesteps': True, 'act_fn': 'relu', 'nonlin_at_out': None}
2024-06-21 11:11:01,306 - INFO - Final train error over whole traj (average over some inits) [0.4449045002530068, 0.4924072104296863]
2024-06-21 11:11:01,307 - INFO - Final test error over whole traj (average over some inits) []
2024-06-21 11:11:01,307 - INFO - --------------------------------------------------------------------------------------------------------------------------------------------------------------------------------------------------------------------------
2024-06-21 11:11:01,307 - INFO - 

2024-06-21 11:12:19,336 - INFO - hyperparams: {'experiment_number': 3, 'window_size': 25, 'h_size': 128, 'l_num': 1, 'epochs': 500, 'learning_rate': 0.001, 'part_of_data': 10, 'weight_decay': 1e-05, 'percentage_of_data': 0.8, 'batch_size': 100, 'cut_off_timesteps': 0, 'drop_half_timesteps': True, 'act_fn': 'relu', 'nonlin_at_out': None}
2024-06-21 11:12:19,336 - INFO - Final train error over whole traj (average over some inits) [0.02139347414832713, 0.014425571459218186]
2024-06-21 11:12:19,336 - INFO - Final test error over whole traj (average over some inits) []
2024-06-21 11:12:19,336 - INFO - --------------------------------------------------------------------------------------------------------------------------------------------------------------------------------------------------------------------------
2024-06-21 11:12:19,336 - INFO - 

2024-06-21 11:13:53,686 - INFO - hyperparams: {'experiment_number': 4, 'window_size': 8, 'h_size': 8, 'l_num': 10, 'epochs': 500, 'learning_rate': 0.001, 'part_of_data': 10, 'weight_decay': 1e-05, 'percentage_of_data': 0.8, 'batch_size': 100, 'cut_off_timesteps': 0, 'drop_half_timesteps': True, 'act_fn': 'relu', 'nonlin_at_out': None}
2024-06-21 11:13:53,686 - INFO - Final train error over whole traj (average over some inits) [0.26294919164372643, 0.3707290071915043]
2024-06-21 11:13:53,686 - INFO - Final test error over whole traj (average over some inits) []
2024-06-21 11:13:53,686 - INFO - --------------------------------------------------------------------------------------------------------------------------------------------------------------------------------------------------------------------------
2024-06-21 11:13:53,686 - INFO - 

2024-06-21 11:16:57,622 - INFO - hyperparams: {'experiment_number': 0, 'window_size': 25, 'h_size': 128, 'l_num': 1, 'epochs': 500, 'learning_rate': 0.001, 'part_of_data': 10, 'weight_decay': 1e-05, 'percentage_of_data': 0.8, 'batch_size': 200, 'cut_off_timesteps': 0, 'drop_half_timesteps': True, 'act_fn': 'relu', 'nonlin_at_out': None}
2024-06-21 11:16:57,623 - INFO - Final train error over whole traj (average over some inits) [0.021469036225788343, 0.011807589642543602]
2024-06-21 11:16:57,623 - INFO - Final test error over whole traj (average over some inits) []
2024-06-21 11:16:57,623 - INFO - --------------------------------------------------------------------------------------------------------------------------------------------------------------------------------------------------------------------------
2024-06-21 11:16:57,623 - INFO - 

2024-06-21 11:18:03,714 - INFO - hyperparams: {'experiment_number': 1, 'window_size': 40, 'h_size': 128, 'l_num': 1, 'epochs': 500, 'learning_rate': 0.001, 'part_of_data': 10, 'weight_decay': 1e-05, 'percentage_of_data': 0.8, 'batch_size': 200, 'cut_off_timesteps': 0, 'drop_half_timesteps': True, 'act_fn': 'relu', 'nonlin_at_out': None}
2024-06-21 11:18:03,714 - INFO - Final train error over whole traj (average over some inits) [4.314357171063159, 0.007843869720634817]
2024-06-21 11:18:03,714 - INFO - Final test error over whole traj (average over some inits) []
2024-06-21 11:18:03,714 - INFO - --------------------------------------------------------------------------------------------------------------------------------------------------------------------------------------------------------------------------
2024-06-21 11:18:03,714 - INFO - 

2024-06-21 11:19:09,989 - INFO - hyperparams: {'experiment_number': 2, 'window_size': 25, 'h_size': 256, 'l_num': 1, 'epochs': 500, 'learning_rate': 0.001, 'part_of_data': 10, 'weight_decay': 1e-05, 'percentage_of_data': 0.8, 'batch_size': 200, 'cut_off_timesteps': 0, 'drop_half_timesteps': True, 'act_fn': 'relu', 'nonlin_at_out': None}
2024-06-21 11:19:09,989 - INFO - Final train error over whole traj (average over some inits) [0.008776650589135779, 0.006130880700412969]
2024-06-21 11:19:09,989 - INFO - Final test error over whole traj (average over some inits) []
2024-06-21 11:19:09,989 - INFO - --------------------------------------------------------------------------------------------------------------------------------------------------------------------------------------------------------------------------
2024-06-21 11:19:09,989 - INFO - 

2024-06-21 11:29:45,477 - INFO - hyperparams: {'experiment_number': 3, 'window_size': 25, 'h_size': 128, 'l_num': 1, 'epochs': 500, 'learning_rate': 0.001, 'part_of_data': 100, 'weight_decay': 1e-05, 'percentage_of_data': 0.8, 'batch_size': 200, 'cut_off_timesteps': 0, 'drop_half_timesteps': True, 'act_fn': 'relu', 'nonlin_at_out': None}
2024-06-21 11:29:45,477 - INFO - Final train error over whole traj (average over some inits) [0.08050753155941387, 0.13441875451381877]
2024-06-21 11:29:45,477 - INFO - Final test error over whole traj (average over some inits) []
2024-06-21 11:29:45,477 - INFO - --------------------------------------------------------------------------------------------------------------------------------------------------------------------------------------------------------------------------
2024-06-21 11:29:45,477 - INFO - 

