2024-07-23 17:31:31,400 - INFO - hyperparams lstm: {'window_size': 16, 'h_size': 8, 'l_num': 3, 'learning_rate': 0.0008, 'batch_size': 4000, 'experiment_number': 0, 'epochs': 2, 'input_channels': 3, 'output': 2, 'part_of_data': 20, 'percentage_of_data': 0.8, 'drop_half_timesteps': True, 'cut_off_timesteps': 100}
2024-07-23 17:31:31,400 - INFO - hyperparams tcn: {'window_size': 20, 'h_size': 24, 'l_num': 3, 'learning_rate': 0.001, 'batch_size': 4000, 'act_fn': 'relu', 'nonlin_at_out': None, 'experiment_number': 1, 'epochs': 2, 'input_channels': 3, 'output': 2, 'part_of_data': 20, 'percentage_of_data': 0.8, 'drop_half_timesteps': True, 'cut_off_timesteps': 100}
2024-07-23 17:31:31,400 - INFO - hyperparams tcn: {'window_size': 30, 'learning_rate': 0.001, 'batch_size': 4000, 'n_hidden': 5, 'levels': 4, 'kernel_size': 7, 'dropout': 0, 'experiment_number': 2, 'epochs': 2, 'input_channels': 3, 'output': 2, 'part_of_data': 20, 'percentage_of_data': 0.8, 'drop_half_timesteps': True, 'cut_off_timesteps': 100}
2024-07-23 17:31:31,400 - INFO - Epochs []
2024-07-23 17:31:31,400 - INFO - LSTM_no_or_nextstep []
2024-07-23 17:31:31,401 - INFO - MLP_no_or_nextstep []
2024-07-23 17:31:31,401 - INFO - TCN_no_or_nextstep []
2024-07-23 17:31:31,401 - INFO - --------------------------------------------------------------------------------------------------------------------------------------------------------------------------------------------------------------------------
2024-07-23 17:31:31,401 - INFO - 

2024-07-23 23:53:37,197 - INFO - hyperparams lstm: {'window_size': 16, 'h_size': 8, 'l_num': 3, 'learning_rate': 0.0008, 'batch_size': 2000, 'experiment_number': 0, 'epochs': 500, 'input_channels': 3, 'output': 2, 'part_of_data': 0, 'percentage_of_data': 0.8, 'drop_half_timesteps': True, 'cut_off_timesteps': 100}
2024-07-23 23:53:37,197 - INFO - hyperparams tcn: {'window_size': 20, 'h_size': 24, 'l_num': 3, 'learning_rate': 0.001, 'batch_size': 2000, 'act_fn': 'relu', 'nonlin_at_out': None, 'experiment_number': 1, 'epochs': 500, 'input_channels': 3, 'output': 2, 'part_of_data': 0, 'percentage_of_data': 0.8, 'drop_half_timesteps': True, 'cut_off_timesteps': 100}
2024-07-23 23:53:37,197 - INFO - hyperparams tcn: {'window_size': 30, 'learning_rate': 0.001, 'batch_size': 2000, 'n_hidden': 5, 'levels': 4, 'kernel_size': 7, 'dropout': 0, 'experiment_number': 2, 'epochs': 500, 'input_channels': 3, 'output': 2, 'part_of_data': 0, 'percentage_of_data': 0.8, 'drop_half_timesteps': True, 'cut_off_timesteps': 100}
2024-07-23 23:53:37,197 - INFO - Epochs [200, 400]
2024-07-23 23:53:37,197 - INFO - LSTM_no_or_nextstep [0.03568549368517677, 0.13678086356227437]
2024-07-23 23:53:37,197 - INFO - MLP_no_or_nextstep [0.030352153058487513, 2.954423594782583]
2024-07-23 23:53:37,197 - INFO - TCN_no_or_nextstep [1.65285769012962e+74, 0.8966424681873323]
2024-07-23 23:53:37,197 - INFO - --------------------------------------------------------------------------------------------------------------------------------------------------------------------------------------------------------------------------
2024-07-23 23:53:37,197 - INFO - 

2024-07-25 15:17:27,220 - INFO - hyperparams lstm: {'window_size': 16, 'h_size': 8, 'l_num': 3, 'learning_rate': 0.0008, 'batch_size': 2000, 'experiment_number': 0, 'epochs': 20, 'input_channels': 3, 'output': 2, 'part_of_data': 10, 'percentage_of_data': 0.8, 'drop_half_timesteps': True, 'cut_off_timesteps': 100}
2024-07-25 15:17:27,220 - INFO - hyperparams tcn: {'window_size': 20, 'h_size': 24, 'l_num': 3, 'learning_rate': 0.001, 'batch_size': 2000, 'act_fn': 'relu', 'nonlin_at_out': None, 'experiment_number': 1, 'epochs': 20, 'input_channels': 3, 'output': 2, 'part_of_data': 10, 'percentage_of_data': 0.8, 'drop_half_timesteps': True, 'cut_off_timesteps': 100}
2024-07-25 15:17:27,220 - INFO - hyperparams tcn: {'window_size': 30, 'learning_rate': 0.001, 'batch_size': 2000, 'n_hidden': 5, 'levels': 4, 'kernel_size': 7, 'dropout': 0, 'experiment_number': 2, 'epochs': 20, 'input_channels': 3, 'output': 2, 'part_of_data': 10, 'percentage_of_data': 0.8, 'drop_half_timesteps': True, 'cut_off_timesteps': 100}
2024-07-25 15:17:27,221 - INFO - Epochs [2, 4, 6, 8, 10, 12, 14, 16, 18, 20]
2024-07-25 15:17:27,221 - INFO - LSTM_no_or_nextstep [0.8258566589932097, 0.6663183217373232, 0.5189789278311987, 0.38374490361953867, 0.26133740600474276, 0.16120665772319356, 0.11262751546590855, 0.11893431672571095, 0.11974694997859182, 0.11986991319011892]
2024-07-25 15:17:27,221 - INFO - MLP_no_or_nextstep [0.436178904978218, 0.17324301067559594, 0.09431908067546911, 0.06727875433371176, 0.06177991606462116, 0.055349756856071616, 0.04587210720946721, 0.03403171587874869, 0.0260619157063361, 0.007524054518934073]
2024-07-25 15:17:27,221 - INFO - TCN_no_or_nextstep [0.6863827938865019, 0.5613652646567007, 0.37979993890304875, 0.1278711532024211, 0.09441053214752625, 0.08951673236152656, 0.08616340329869995, 0.08292357855518036, 0.08013934464265608, 0.07729355515730871]
2024-07-25 15:17:27,221 - INFO - --------------------------------------------------------------------------------------------------------------------------------------------------------------------------------------------------------------------------
2024-07-25 15:17:27,221 - INFO - 

