2024-07-23 19:37:11,867 - INFO - hyperparams lstm: {'window_size': 16, 'h_size': 8, 'l_num': 3, 'learning_rate': 0.0008, 'batch_size': 2000, 'experiment_number': 0, 'epochs': 500, 'input_channels': 3, 'output': 2, 'part_of_data': 100, 'percentage_of_data': 0.8, 'drop_half_timesteps': True, 'cut_off_timesteps': 100}
2024-07-23 19:37:11,867 - INFO - hyperparams tcn: {'window_size': 20, 'h_size': 24, 'l_num': 3, 'learning_rate': 0.001, 'batch_size': 2000, 'act_fn': 'relu', 'nonlin_at_out': None, 'experiment_number': 1, 'epochs': 500, 'input_channels': 3, 'output': 2, 'part_of_data': 100, 'percentage_of_data': 0.8, 'drop_half_timesteps': True, 'cut_off_timesteps': 100}
2024-07-23 19:37:11,867 - INFO - hyperparams tcn: {'window_size': 30, 'learning_rate': 0.001, 'batch_size': 2000, 'n_hidden': 5, 'levels': 4, 'kernel_size': 7, 'dropout': 0, 'experiment_number': 2, 'epochs': 500, 'input_channels': 3, 'output': 2, 'part_of_data': 100, 'percentage_of_data': 0.8, 'drop_half_timesteps': True, 'cut_off_timesteps': 100}
2024-07-23 19:37:11,867 - INFO - Epochs [100, 200, 300, 400, 500]
2024-07-23 19:37:11,867 - INFO - LSTM_derivative [0.0691047976492468, 0.10967315274232094, 0.15660409467221362, 0.21885239665956177, 0.21601070938575184]
2024-07-23 19:37:11,867 - INFO - MLP_derivative [0.023736616453808743, 0.018268718455499395, 0.029642712401470966, 0.040183068267343594, 0.033800678063968]
2024-07-23 19:37:11,867 - INFO - TCN_derivative [4.9307503645156655e+100, 1.8341008251737556e+100, 2.39704239047371e+95, 7.106920235219615e+96, 1.8030671976062226e+101]
2024-07-23 19:37:11,868 - INFO - --------------------------------------------------------------------------------------------------------------------------------------------------------------------------------------------------------------------------
2024-07-23 19:37:11,868 - INFO - 

<<<<<<< HEAD
2024-07-24 13:32:06,230 - INFO - hyperparams lstm: {'window_size': 16, 'h_size': 8, 'l_num': 3, 'learning_rate': 0.0008, 'batch_size': 1000, 'experiment_number': 0, 'epochs': 500, 'input_channels': 3, 'output': 2, 'part_of_data': 100, 'percentage_of_data': 0.8, 'drop_half_timesteps': True, 'cut_off_timesteps': 100}
2024-07-24 13:32:06,230 - INFO - hyperparams tcn: {'window_size': 20, 'h_size': 24, 'l_num': 3, 'learning_rate': 0.001, 'batch_size': 1000, 'act_fn': 'relu', 'nonlin_at_out': None, 'experiment_number': 1, 'epochs': 500, 'input_channels': 3, 'output': 2, 'part_of_data': 100, 'percentage_of_data': 0.8, 'drop_half_timesteps': True, 'cut_off_timesteps': 100}
2024-07-24 13:32:06,230 - INFO - hyperparams tcn: {'window_size': 30, 'learning_rate': 0.001, 'batch_size': 1000, 'n_hidden': 5, 'levels': 4, 'kernel_size': 7, 'dropout': 0, 'experiment_number': 2, 'epochs': 500, 'input_channels': 3, 'output': 2, 'part_of_data': 100, 'percentage_of_data': 0.8, 'drop_half_timesteps': True, 'cut_off_timesteps': 100}
2024-07-24 13:32:06,230 - INFO - Epochs [100, 200, 300, 400, 500]
2024-07-24 13:32:06,230 - INFO - LSTM_derivative [0.09709249688966151, 0.03155134866129841, 0.03047531834709131, 4429.669373998255, 4470.8795099690915]
2024-07-24 13:32:06,230 - INFO - MLP_derivative [0.026581876293491784, 0.10126654492931954, 0.015817126197040142, 439525.85110958014, 10290.269899146602]
2024-07-24 13:32:06,231 - INFO - TCN_derivative [10878605171233.475, 282800.11595153564, 7.446621076058166e+47, 3.5408286158593194e+45, 1.0946588303293904e+45]
2024-07-24 13:32:06,231 - INFO - --------------------------------------------------------------------------------------------------------------------------------------------------------------------------------------------------------------------------
2024-07-24 13:32:06,231 - INFO - 

2024-07-24 14:54:49,500 - INFO - hyperparams lstm: {'window_size': 16, 'h_size': 8, 'l_num': 3, 'learning_rate': 0.0008, 'batch_size': 10000, 'experiment_number': 0, 'epochs': 500, 'input_channels': 3, 'output': 2, 'part_of_data': 10, 'percentage_of_data': 0.8, 'drop_half_timesteps': True, 'cut_off_timesteps': 100}
2024-07-24 14:54:49,500 - INFO - hyperparams tcn: {'window_size': 20, 'h_size': 24, 'l_num': 3, 'learning_rate': 0.001, 'batch_size': 10000, 'act_fn': 'relu', 'nonlin_at_out': None, 'experiment_number': 1, 'epochs': 500, 'input_channels': 3, 'output': 2, 'part_of_data': 10, 'percentage_of_data': 0.8, 'drop_half_timesteps': True, 'cut_off_timesteps': 100}
2024-07-24 14:54:49,500 - INFO - hyperparams tcn: {'window_size': 30, 'learning_rate': 0.001, 'batch_size': 10000, 'n_hidden': 5, 'levels': 4, 'kernel_size': 7, 'dropout': 0, 'experiment_number': 2, 'epochs': 500, 'input_channels': 3, 'output': 2, 'part_of_data': 10, 'percentage_of_data': 0.8, 'drop_half_timesteps': True, 'cut_off_timesteps': 100}
2024-07-24 14:54:49,500 - INFO - Epochs [100, 200, 300, 400, 500]
2024-07-24 14:54:49,500 - INFO - LSTM_derivative [63.719518704860164, 5.225893956068049, 3.8815145376952414, 3.5722782698772853, 3.187698071593509]
2024-07-24 14:54:49,500 - INFO - MLP_derivative [68.84273199045072, 11.104884774290632, 2.7841778130814356, 2.2796581551512175e+20, 3.847780197770681]
2024-07-24 14:54:49,500 - INFO - TCN_derivative [3.95904744948514e+81, 1.1604006024671837e+80, 5.898021045629402e+77, 1.9580564038497074e+75, 1.1630709858224147e+73]
2024-07-24 14:54:49,500 - INFO - --------------------------------------------------------------------------------------------------------------------------------------------------------------------------------------------------------------------------
2024-07-24 14:54:49,500 - INFO - 

2024-07-24 15:36:37,147 - INFO - hyperparams lstm: {'window_size': 16, 'h_size': 8, 'l_num': 3, 'learning_rate': 0.0008, 'batch_size': 10000, 'experiment_number': 0, 'epochs': 500, 'input_channels': 3, 'output': 2, 'part_of_data': 10, 'percentage_of_data': 0.8, 'drop_half_timesteps': True, 'cut_off_timesteps': 100}
2024-07-24 15:36:37,148 - INFO - hyperparams tcn: {'window_size': 20, 'h_size': 24, 'l_num': 3, 'learning_rate': 0.001, 'batch_size': 10000, 'act_fn': 'relu', 'nonlin_at_out': None, 'experiment_number': 1, 'epochs': 500, 'input_channels': 3, 'output': 2, 'part_of_data': 10, 'percentage_of_data': 0.8, 'drop_half_timesteps': True, 'cut_off_timesteps': 100}
2024-07-24 15:36:37,148 - INFO - hyperparams tcn: {'window_size': 30, 'learning_rate': 0.001, 'batch_size': 10000, 'n_hidden': 5, 'levels': 4, 'kernel_size': 7, 'dropout': 0, 'experiment_number': 2, 'epochs': 500, 'input_channels': 3, 'output': 2, 'part_of_data': 10, 'percentage_of_data': 0.8, 'drop_half_timesteps': True, 'cut_off_timesteps': 100}
2024-07-24 15:36:37,148 - INFO - Epochs [100, 200, 300, 400, 500]
2024-07-24 15:36:37,148 - INFO - LSTM_derivative [19702.64432392183, 37806.10757156996, 57238.827652477696, 41364.46800744127, 27026.61292777663]
2024-07-24 15:36:37,148 - INFO - MLP_derivative [1.2454961344225831e+56, 6.0925857725423344e+59, 5.553047043858019, 1.9804128046763724e+45, 2.7212190149625764e+39]
2024-07-24 15:36:37,148 - INFO - TCN_derivative [3907819092.731802, 3081323.2348639597, 2047514.3431002167, 1838954.5074704245, 1763322.251038836]
2024-07-24 15:36:37,148 - INFO - --------------------------------------------------------------------------------------------------------------------------------------------------------------------------------------------------------------------------
2024-07-24 15:36:37,148 - INFO - 

2024-07-24 16:17:11,351 - INFO - hyperparams lstm: {'window_size': 16, 'h_size': 8, 'l_num': 3, 'learning_rate': 0.0008, 'batch_size': 400, 'experiment_number': 0, 'epochs': 500, 'input_channels': 3, 'output': 2, 'part_of_data': 10, 'percentage_of_data': 0.8, 'drop_half_timesteps': True, 'cut_off_timesteps': 100}
2024-07-24 16:17:11,351 - INFO - hyperparams tcn: {'window_size': 20, 'h_size': 24, 'l_num': 3, 'learning_rate': 0.001, 'batch_size': 400, 'act_fn': 'relu', 'nonlin_at_out': None, 'experiment_number': 1, 'epochs': 500, 'input_channels': 3, 'output': 2, 'part_of_data': 10, 'percentage_of_data': 0.8, 'drop_half_timesteps': True, 'cut_off_timesteps': 100}
2024-07-24 16:17:11,351 - INFO - hyperparams tcn: {'window_size': 30, 'learning_rate': 0.001, 'batch_size': 400, 'n_hidden': 5, 'levels': 4, 'kernel_size': 7, 'dropout': 0, 'experiment_number': 2, 'epochs': 500, 'input_channels': 3, 'output': 2, 'part_of_data': 10, 'percentage_of_data': 0.8, 'drop_half_timesteps': True, 'cut_off_timesteps': 100}
2024-07-24 16:17:11,351 - INFO - Epochs [100, 200, 300, 400, 500]
2024-07-24 16:17:11,351 - INFO - LSTM_derivative [0.13527136873212178, 0.4324115160585392, 0.1985088120563946, 0.14340832121346545, 0.16938406549187576]
2024-07-24 16:17:11,351 - INFO - MLP_derivative [0.0672368639018211, 0.41228674995874026, 0.09081215113348155, 0.05879574513311696, 0.1597111494809108]
2024-07-24 16:17:11,351 - INFO - TCN_derivative [7.9682841079636e+72, 1.2544250134405523e+80, 3.1734836105314587e+80, 1.1949496683697177e+84, 2.2738613886828036e+87]
2024-07-24 16:17:11,351 - INFO - --------------------------------------------------------------------------------------------------------------------------------------------------------------------------------------------------------------------------
2024-07-24 16:17:11,351 - INFO - 

2024-07-24 21:21:56,884 - INFO - hyperparams lstm: {'window_size': 16, 'h_size': 8, 'l_num': 3, 'learning_rate': 0.0001, 'batch_size': 400, 'experiment_number': 0, 'epochs': 1000, 'input_channels': 3, 'output': 2, 'part_of_data': 100, 'percentage_of_data': 0.8, 'drop_half_timesteps': True, 'cut_off_timesteps': 100}
2024-07-24 21:21:56,884 - INFO - hyperparams tcn: {'window_size': 20, 'h_size': 24, 'l_num': 3, 'learning_rate': 0.0001, 'batch_size': 400, 'act_fn': 'relu', 'nonlin_at_out': None, 'experiment_number': 1, 'epochs': 1000, 'input_channels': 3, 'output': 2, 'part_of_data': 100, 'percentage_of_data': 0.8, 'drop_half_timesteps': True, 'cut_off_timesteps': 100}
2024-07-24 21:21:56,884 - INFO - hyperparams tcn: {'window_size': 30, 'learning_rate': 0.0001, 'batch_size': 400, 'n_hidden': 5, 'levels': 4, 'kernel_size': 7, 'dropout': 0, 'experiment_number': 2, 'epochs': 1000, 'input_channels': 3, 'output': 2, 'part_of_data': 100, 'percentage_of_data': 0.8, 'drop_half_timesteps': True, 'cut_off_timesteps': 100}
2024-07-24 21:21:56,884 - INFO - Epochs [100, 200, 300, 400, 500, 600, 700, 800, 900, 1000]
2024-07-24 21:21:56,884 - INFO - LSTM_derivative [0.06943927064482029, 0.030386113819468673, 0.03177043417397016, 0.036880271786481164, 0.03840036614407179, 0.036081829392192705, 0.036625137351291276, 0.034902815934718175, 0.03075245217190689, 0.03099183340651711]
2024-07-24 21:21:56,884 - INFO - MLP_derivative [1.0257048699225452e+96, 1.4629709787658884e+127, 1.8826774625940916e+148, 1.0891421956835476e+147, 3.7636406922502395e+155, 2.1217883684004447e+164, 4.545300554747373e+160, 1.942204388633732e+163, 1.280724076252868e+164, 2.6502776992133167e+168]
2024-07-24 21:21:56,884 - INFO - TCN_derivative [329185.9845308688, 3404656404.9707108, 151588723.02115622, 15085691.979070751, 18522217248.201305, 9153954772345.69, 18134033423.09042, 259121287343148.22, 1978998871997744.2, 5097112674284864.0]
2024-07-24 21:21:56,884 - INFO - --------------------------------------------------------------------------------------------------------------------------------------------------------------------------------------------------------------------------
2024-07-24 21:21:56,884 - INFO - 

=======
2024-07-25 15:47:54,618 - INFO - hyperparams lstm: {'window_size': 16, 'h_size': 8, 'l_num': 3, 'learning_rate': 0.0008, 'batch_size': 500, 'experiment_number': 0, 'epochs': 20, 'input_channels': 3, 'output': 2, 'part_of_data': 10, 'percentage_of_data': 0.8, 'drop_half_timesteps': True, 'cut_off_timesteps': 0}
2024-07-25 15:47:54,620 - INFO - hyperparams tcn: {'window_size': 20, 'h_size': 24, 'l_num': 3, 'learning_rate': 0.001, 'batch_size': 500, 'act_fn': 'relu', 'nonlin_at_out': None, 'experiment_number': 1, 'epochs': 20, 'input_channels': 3, 'output': 2, 'part_of_data': 10, 'percentage_of_data': 0.8, 'drop_half_timesteps': True, 'cut_off_timesteps': 0}
2024-07-25 15:47:54,620 - INFO - hyperparams tcn: {'window_size': 30, 'learning_rate': 0.0001, 'batch_size': 500, 'n_hidden': 5, 'levels': 4, 'kernel_size': 7, 'dropout': 0, 'experiment_number': 2, 'epochs': 20, 'input_channels': 3, 'output': 2, 'part_of_data': 10, 'percentage_of_data': 0.8, 'drop_half_timesteps': True, 'cut_off_timesteps': 0}
2024-07-25 15:47:54,620 - INFO - Epochs [2, 4, 6, 8, 10, 12, 14, 16, 18, 20]
2024-07-25 15:47:54,620 - INFO - LSTM_derivative [139.7611273088968, 0.8319043147021503, 0.7549709284913909, 2.36033409875163, 18.684267385611392, 6.209738467486832, 279.21101885974474, 121.234388483337, 694.0517882969641, 0.2549489768281809]
2024-07-25 15:47:54,620 - INFO - MLP_derivative [0.2510428843681834, 0.2590517036831802, 0.17857331609456625, 0.11634178899955355, 0.09128280302069029, 0.07980642765010948, 0.07482364167699242, 0.07463026823398877, 0.07895225910527698, 0.07943239044515454]
2024-07-25 15:47:54,621 - INFO - TCN_derivative [8350.954197914383, 4154.024942647693, 2732.2548399354746, 19528.74027605158, 4.672846898554603e+19, 1.9948529214779843e+37, 2.7703544213429003e+57, 1.1280786023082117e+87, 1.8897295815009431e+96, 3.2046655800862115e+96]
2024-07-25 15:47:54,621 - INFO - --------------------------------------------------------------------------------------------------------------------------------------------------------------------------------------------------------------------------
2024-07-25 15:47:54,621 - INFO - 

2024-07-25 16:44:48,326 - INFO - hyperparams lstm: {'window_size': 16, 'h_size': 8, 'l_num': 3, 'learning_rate': 0.0008, 'batch_size': 500, 'experiment_number': 0, 'epochs': 20, 'input_channels': 3, 'output': 2, 'part_of_data': 10, 'percentage_of_data': 0.8, 'drop_half_timesteps': True, 'cut_off_timesteps': 0}
2024-07-25 16:44:48,327 - INFO - hyperparams tcn: {'window_size': 20, 'h_size': 24, 'l_num': 3, 'learning_rate': 0.001, 'batch_size': 500, 'act_fn': 'relu', 'nonlin_at_out': None, 'experiment_number': 1, 'epochs': 20, 'input_channels': 3, 'output': 2, 'part_of_data': 10, 'percentage_of_data': 0.8, 'drop_half_timesteps': True, 'cut_off_timesteps': 0}
2024-07-25 16:44:48,327 - INFO - hyperparams tcn: {'window_size': 30, 'learning_rate': 0.0005, 'batch_size': 500, 'n_hidden': 5, 'levels': 4, 'kernel_size': 7, 'dropout': 0, 'experiment_number': 2, 'epochs': 20, 'input_channels': 3, 'output': 2, 'part_of_data': 10, 'percentage_of_data': 0.8, 'drop_half_timesteps': True, 'cut_off_timesteps': 0}
2024-07-25 16:44:48,327 - INFO - Epochs [5, 10, 15, 20]
2024-07-25 16:44:48,327 - INFO - LSTM_derivative [458291.3558939005, 458291.3558939005, 458291.3558939005, 458291.3558939005]
2024-07-25 16:44:48,328 - INFO - MLP_derivative [2.873848729172411e+48, 2.873848729172411e+48, 2.873848729172411e+48, 2.873848729172411e+48]
2024-07-25 16:44:48,328 - INFO - TCN_derivative [234095278710.31866, 15963469.915500352, 3559241.9901409578, 7203916.022750316]
2024-07-25 16:44:48,328 - INFO - --------------------------------------------------------------------------------------------------------------------------------------------------------------------------------------------------------------------------
2024-07-25 16:44:48,328 - INFO - 

>>>>>>> 4807033bb265b097a7e6e3fd4e8dbcb3634a99c2
2024-07-25 16:48:56,001 - INFO - hyperparams lstm: {'window_size': 16, 'h_size': 8, 'l_num': 3, 'learning_rate': 0.008, 'batch_size': 10000, 'experiment_number': 0, 'epochs': 20, 'input_channels': 3, 'output': 2, 'part_of_data': 10, 'percentage_of_data': 0.8, 'drop_half_timesteps': True, 'cut_off_timesteps': 0}
2024-07-25 16:48:56,001 - INFO - hyperparams tcn: {'window_size': 20, 'h_size': 24, 'l_num': 3, 'learning_rate': 0.001, 'batch_size': 10000, 'act_fn': 'relu', 'nonlin_at_out': None, 'experiment_number': 1, 'epochs': 20, 'input_channels': 3, 'output': 2, 'part_of_data': 10, 'percentage_of_data': 0.8, 'drop_half_timesteps': True, 'cut_off_timesteps': 0}
2024-07-25 16:48:56,001 - INFO - hyperparams tcn: {'window_size': 30, 'learning_rate': 0.0005, 'batch_size': 10000, 'n_hidden': 5, 'levels': 4, 'kernel_size': 7, 'dropout': 0, 'experiment_number': 2, 'epochs': 20, 'input_channels': 3, 'output': 2, 'part_of_data': 10, 'percentage_of_data': 0.8, 'drop_half_timesteps': True, 'cut_off_timesteps': 0}
2024-07-25 16:48:56,001 - INFO - Epochs [5, 10, 15, 20]
2024-07-25 16:48:56,001 - INFO - LSTM_derivative [85598.67170828357, 85598.67170828357, 85598.67170828357, 85598.67170828357]
2024-07-25 16:48:56,001 - INFO - MLP_derivative [27615809224.991592, 27615809224.991592, 27615809224.991592, 27615809224.991592]
2024-07-25 16:48:56,001 - INFO - TCN_derivative [2007230.279303474, 810518.4208358494, 583009.8308848252, 609163.961777126]
2024-07-25 16:48:56,001 - INFO - --------------------------------------------------------------------------------------------------------------------------------------------------------------------------------------------------------------------------
2024-07-25 16:48:56,001 - INFO - 

2024-07-25 17:00:40,088 - INFO - hyperparams lstm: {'window_size': 16, 'h_size': 8, 'l_num': 3, 'learning_rate': 0.008, 'batch_size': 256, 'experiment_number': 0, 'epochs': 100, 'input_channels': 3, 'output': 2, 'part_of_data': 20, 'percentage_of_data': 0.8, 'drop_half_timesteps': True, 'cut_off_timesteps': 0}
2024-07-25 17:00:40,088 - INFO - hyperparams tcn: {'window_size': 20, 'h_size': 24, 'l_num': 3, 'learning_rate': 0.001, 'batch_size': 256, 'act_fn': 'relu', 'nonlin_at_out': None, 'experiment_number': 1, 'epochs': 100, 'input_channels': 3, 'output': 2, 'part_of_data': 20, 'percentage_of_data': 0.8, 'drop_half_timesteps': True, 'cut_off_timesteps': 0}
2024-07-25 17:00:40,088 - INFO - hyperparams tcn: {'window_size': 30, 'learning_rate': 0.001, 'batch_size': 256, 'n_hidden': 5, 'levels': 4, 'kernel_size': 7, 'dropout': 0, 'experiment_number': 2, 'epochs': 100, 'input_channels': 3, 'output': 2, 'part_of_data': 20, 'percentage_of_data': 0.8, 'drop_half_timesteps': True, 'cut_off_timesteps': 0}
2024-07-25 17:00:40,088 - INFO - Epochs [10, 20, 30, 40, 50, 60, 70, 80, 90, 100]
2024-07-25 17:00:40,088 - INFO - LSTM_derivative [0.554228232539655, 0.43033595789108947, 0.08624506619920533, 0.09111037715252386, 0.015277122554121048, 0.05994953725833213, 0.0036223231670172345, 0.004919149357270393, 0.005903644992718656, 0.010767915035010796]
2024-07-25 17:00:40,088 - INFO - MLP_derivative [0.12493168727029084, 0.08273269511021328, 0.0782037309727913, 0.06757069139585722, 0.05436754252934221, 0.05371307113197608, 0.06038392775834678, 0.0586833573753173, 0.06016811708071355, 0.0602172550790674]
2024-07-25 17:00:40,088 - INFO - TCN_derivative [1723.7214388835687, 803280936.3934737, 665831175.4799869, 611589235.4232651, 149889932.1690702, 3586121.300912706, 75010981.53574753, 350569959.8863818, 1349869743.6417434, 2403353608.0252247]
2024-07-25 17:00:40,088 - INFO - --------------------------------------------------------------------------------------------------------------------------------------------------------------------------------------------------------------------------
2024-07-25 17:00:40,088 - INFO - 

2024-07-25 17:07:15,489 - INFO - hyperparams lstm: {'window_size': 16, 'h_size': 8, 'l_num': 3, 'learning_rate': 0.008, 'batch_size': 256, 'experiment_number': 0, 'epochs': 100, 'input_channels': 3, 'output': 2, 'part_of_data': 10, 'percentage_of_data': 0.8, 'drop_half_timesteps': True, 'cut_off_timesteps': 0}
2024-07-25 17:07:15,489 - INFO - hyperparams tcn: {'window_size': 20, 'h_size': 24, 'l_num': 3, 'learning_rate': 0.001, 'batch_size': 256, 'act_fn': 'relu', 'nonlin_at_out': None, 'experiment_number': 1, 'epochs': 100, 'input_channels': 3, 'output': 2, 'part_of_data': 10, 'percentage_of_data': 0.8, 'drop_half_timesteps': True, 'cut_off_timesteps': 0}
2024-07-25 17:07:15,489 - INFO - hyperparams tcn: {'window_size': 30, 'learning_rate': 0.001, 'batch_size': 256, 'n_hidden': 5, 'levels': 4, 'kernel_size': 7, 'dropout': 0, 'experiment_number': 2, 'epochs': 100, 'input_channels': 3, 'output': 2, 'part_of_data': 10, 'percentage_of_data': 0.8, 'drop_half_timesteps': True, 'cut_off_timesteps': 0}
2024-07-25 17:07:15,489 - INFO - Epochs [10, 20, 30, 40, 50, 60, 70, 80, 90, 100]
2024-07-25 17:07:15,489 - INFO - LSTM_derivative [278.07717634651135, 278.07717634651135, 278.07717634651135, 278.07717634651135, 278.07717634651135, 278.07717634651135, 278.07717634651135, 278.07717634651135, 278.07717634651135, 278.07717634651135]
2024-07-25 17:07:15,489 - INFO - MLP_derivative [78.23400344137664, 78.23400344137664, 78.23400344137664, 78.23400344137664, 78.23400344137664, 78.23400344137664, 78.23400344137664, 78.23400344137664, 78.23400344137664, 78.23400344137664]
2024-07-25 17:07:15,489 - INFO - TCN_derivative [1023.2076721166936, 1557.2489976118154, 3449.7306411890995, 5082.2772757826715, 7381.531824056506, 10267.781591580684, 15865.611446447989, 25443.696665629504, 40490.68494468799, 53019.85815526646]
2024-07-25 17:07:15,489 - INFO - --------------------------------------------------------------------------------------------------------------------------------------------------------------------------------------------------------------------------
2024-07-25 17:07:15,489 - INFO - 

2024-07-25 17:19:39,763 - INFO - hyperparams lstm: {'window_size': 16, 'h_size': 8, 'l_num': 3, 'learning_rate': 0.008, 'batch_size': 500, 'experiment_number': 0, 'epochs': 100, 'input_channels': 3, 'output': 2, 'part_of_data': 200, 'percentage_of_data': 0.8, 'drop_half_timesteps': True, 'cut_off_timesteps': 0}
2024-07-25 17:19:39,764 - INFO - hyperparams tcn: {'window_size': 20, 'h_size': 24, 'l_num': 3, 'learning_rate': 0.001, 'batch_size': 500, 'act_fn': 'relu', 'nonlin_at_out': None, 'experiment_number': 1, 'epochs': 100, 'input_channels': 3, 'output': 2, 'part_of_data': 200, 'percentage_of_data': 0.8, 'drop_half_timesteps': True, 'cut_off_timesteps': 0}
2024-07-25 17:19:39,764 - INFO - hyperparams tcn: {'window_size': 30, 'learning_rate': 0.001, 'batch_size': 500, 'n_hidden': 5, 'levels': 4, 'kernel_size': 7, 'dropout': 0, 'experiment_number': 2, 'epochs': 100, 'input_channels': 3, 'output': 2, 'part_of_data': 200, 'percentage_of_data': 0.8, 'drop_half_timesteps': True, 'cut_off_timesteps': 0}
2024-07-25 17:19:39,764 - INFO - Epochs [20, 40, 60, 80, 100]
2024-07-25 17:19:39,764 - INFO - LSTM_derivative [6013.901332480356, 6013.901332480356, 6013.901332480356, 6013.901332480356, 6013.901332480356]
2024-07-25 17:19:39,764 - INFO - MLP_derivative [5.260396238591147, 5.260396238591147, 5.260396238591147, 5.260396238591147, 5.260396238591147]
2024-07-25 17:19:39,764 - INFO - TCN_derivative [1.04896072569535e+18, 1.086259729603726e+19, 41743738173416.2, 15121.308977523464, 15144.714038157756]
2024-07-25 17:19:39,764 - INFO - --------------------------------------------------------------------------------------------------------------------------------------------------------------------------------------------------------------------------
2024-07-25 17:19:39,764 - INFO - 

2024-07-25 17:36:52,934 - INFO - hyperparams lstm: {'window_size': 16, 'h_size': 8, 'l_num': 3, 'learning_rate': 0.008, 'batch_size': 256, 'experiment_number': 0, 'epochs': 100, 'input_channels': 3, 'output': 2, 'part_of_data': 200, 'percentage_of_data': 0.8, 'drop_half_timesteps': True, 'cut_off_timesteps': 0}
2024-07-25 17:36:52,934 - INFO - hyperparams tcn: {'window_size': 20, 'h_size': 24, 'l_num': 3, 'learning_rate': 0.001, 'batch_size': 256, 'act_fn': 'relu', 'nonlin_at_out': None, 'experiment_number': 1, 'epochs': 100, 'input_channels': 3, 'output': 2, 'part_of_data': 200, 'percentage_of_data': 0.8, 'drop_half_timesteps': True, 'cut_off_timesteps': 0}
2024-07-25 17:36:52,934 - INFO - hyperparams tcn: {'window_size': 30, 'learning_rate': 0.001, 'batch_size': 256, 'n_hidden': 5, 'levels': 4, 'kernel_size': 7, 'dropout': 0, 'experiment_number': 2, 'epochs': 100, 'input_channels': 3, 'output': 2, 'part_of_data': 200, 'percentage_of_data': 0.8, 'drop_half_timesteps': True, 'cut_off_timesteps': 0}
2024-07-25 17:36:52,934 - INFO - Epochs [50, 100]
2024-07-25 17:36:52,934 - INFO - LSTM_derivative [1311.386450030635, 1311.386450030635]
2024-07-25 17:36:52,934 - INFO - MLP_derivative [209.87144882015497, 209.87144882015497]
2024-07-25 17:36:52,934 - INFO - TCN_derivative [9.088481591828341e+21, 7.0580455640041595e+22]
2024-07-25 17:36:52,935 - INFO - --------------------------------------------------------------------------------------------------------------------------------------------------------------------------------------------------------------------------
2024-07-25 17:36:52,935 - INFO - 

2024-07-25 17:38:52,848 - INFO - hyperparams lstm: {'window_size': 16, 'h_size': 8, 'l_num': 3, 'learning_rate': 0.008, 'batch_size': 256, 'experiment_number': 0, 'epochs': 1, 'input_channels': 3, 'output': 2, 'part_of_data': 2, 'percentage_of_data': 0.8, 'drop_half_timesteps': True, 'cut_off_timesteps': 0}
2024-07-25 17:38:52,848 - INFO - hyperparams tcn: {'window_size': 20, 'h_size': 24, 'l_num': 3, 'learning_rate': 0.001, 'batch_size': 256, 'act_fn': 'relu', 'nonlin_at_out': None, 'experiment_number': 1, 'epochs': 1, 'input_channels': 3, 'output': 2, 'part_of_data': 2, 'percentage_of_data': 0.8, 'drop_half_timesteps': True, 'cut_off_timesteps': 0}
2024-07-25 17:38:52,848 - INFO - hyperparams tcn: {'window_size': 30, 'learning_rate': 0.001, 'batch_size': 256, 'n_hidden': 5, 'levels': 4, 'kernel_size': 7, 'dropout': 0, 'experiment_number': 2, 'epochs': 1, 'input_channels': 3, 'output': 2, 'part_of_data': 2, 'percentage_of_data': 0.8, 'drop_half_timesteps': True, 'cut_off_timesteps': 0}
2024-07-25 17:38:52,848 - INFO - Epochs []
2024-07-25 17:38:52,848 - INFO - LSTM_derivative []
2024-07-25 17:38:52,848 - INFO - MLP_derivative []
2024-07-25 17:38:52,848 - INFO - TCN_derivative []
2024-07-25 17:38:52,848 - INFO - --------------------------------------------------------------------------------------------------------------------------------------------------------------------------------------------------------------------------
2024-07-25 17:38:52,848 - INFO - 

2024-07-25 17:42:25,910 - INFO - hyperparams lstm: {'window_size': 16, 'h_size': 8, 'l_num': 3, 'learning_rate': 0.008, 'batch_size': 12, 'experiment_number': 0, 'epochs': 1, 'input_channels': 3, 'output': 2, 'part_of_data': 2, 'percentage_of_data': 0.8, 'drop_half_timesteps': True, 'cut_off_timesteps': 0}
2024-07-25 17:42:25,910 - INFO - hyperparams tcn: {'window_size': 20, 'h_size': 24, 'l_num': 3, 'learning_rate': 0.001, 'batch_size': 12, 'act_fn': 'relu', 'nonlin_at_out': None, 'experiment_number': 1, 'epochs': 1, 'input_channels': 3, 'output': 2, 'part_of_data': 2, 'percentage_of_data': 0.8, 'drop_half_timesteps': True, 'cut_off_timesteps': 0}
2024-07-25 17:42:25,910 - INFO - hyperparams tcn: {'window_size': 30, 'learning_rate': 0.001, 'batch_size': 12, 'n_hidden': 5, 'levels': 4, 'kernel_size': 7, 'dropout': 0, 'experiment_number': 2, 'epochs': 1, 'input_channels': 3, 'output': 2, 'part_of_data': 2, 'percentage_of_data': 0.8, 'drop_half_timesteps': True, 'cut_off_timesteps': 0}
2024-07-25 17:42:25,910 - INFO - Epochs []
2024-07-25 17:42:25,910 - INFO - LSTM_derivative []
2024-07-25 17:42:25,910 - INFO - MLP_derivative []
2024-07-25 17:42:25,910 - INFO - TCN_derivative []
2024-07-25 17:42:25,910 - INFO - --------------------------------------------------------------------------------------------------------------------------------------------------------------------------------------------------------------------------
2024-07-25 17:42:25,910 - INFO - 

2024-07-25 17:44:47,021 - INFO - hyperparams lstm: {'window_size': 16, 'h_size': 8, 'l_num': 3, 'learning_rate': 0.008, 'batch_size': 12, 'experiment_number': 0, 'epochs': 1, 'input_channels': 3, 'output': 2, 'part_of_data': 2, 'percentage_of_data': 0.8, 'drop_half_timesteps': True, 'cut_off_timesteps': 0}
2024-07-25 17:44:47,021 - INFO - hyperparams tcn: {'window_size': 20, 'h_size': 24, 'l_num': 3, 'learning_rate': 0.001, 'batch_size': 12, 'act_fn': 'relu', 'nonlin_at_out': None, 'experiment_number': 1, 'epochs': 1, 'input_channels': 3, 'output': 2, 'part_of_data': 2, 'percentage_of_data': 0.8, 'drop_half_timesteps': True, 'cut_off_timesteps': 0}
2024-07-25 17:44:47,022 - INFO - hyperparams tcn: {'window_size': 30, 'learning_rate': 0.001, 'batch_size': 12, 'n_hidden': 5, 'levels': 4, 'kernel_size': 7, 'dropout': 0, 'experiment_number': 2, 'epochs': 1, 'input_channels': 3, 'output': 2, 'part_of_data': 2, 'percentage_of_data': 0.8, 'drop_half_timesteps': True, 'cut_off_timesteps': 0}
2024-07-25 17:44:47,022 - INFO - Epochs []
2024-07-25 17:44:47,022 - INFO - LSTM_derivative []
2024-07-25 17:44:47,022 - INFO - MLP_derivative []
2024-07-25 17:44:47,022 - INFO - TCN_derivative []
2024-07-25 17:44:47,022 - INFO - --------------------------------------------------------------------------------------------------------------------------------------------------------------------------------------------------------------------------
2024-07-25 17:44:47,022 - INFO - 

2024-07-25 17:49:54,127 - INFO - hyperparams lstm: {'window_size': 16, 'h_size': 8, 'l_num': 3, 'learning_rate': 0.008, 'batch_size': 12, 'experiment_number': 0, 'epochs': 1, 'input_channels': 3, 'output': 2, 'part_of_data': 2, 'percentage_of_data': 0.8, 'drop_half_timesteps': True, 'cut_off_timesteps': 0}
2024-07-25 17:49:54,127 - INFO - hyperparams tcn: {'window_size': 20, 'h_size': 24, 'l_num': 3, 'learning_rate': 0.001, 'batch_size': 12, 'act_fn': 'relu', 'nonlin_at_out': None, 'experiment_number': 1, 'epochs': 1, 'input_channels': 3, 'output': 2, 'part_of_data': 2, 'percentage_of_data': 0.8, 'drop_half_timesteps': True, 'cut_off_timesteps': 0}
2024-07-25 17:49:54,127 - INFO - hyperparams tcn: {'window_size': 30, 'learning_rate': 0.001, 'batch_size': 12, 'n_hidden': 5, 'levels': 4, 'kernel_size': 7, 'dropout': 0, 'experiment_number': 2, 'epochs': 1, 'input_channels': 3, 'output': 2, 'part_of_data': 2, 'percentage_of_data': 0.8, 'drop_half_timesteps': True, 'cut_off_timesteps': 0}
2024-07-25 17:49:54,128 - INFO - Epochs []
2024-07-25 17:49:54,128 - INFO - LSTM_derivative []
2024-07-25 17:49:54,128 - INFO - MLP_derivative []
2024-07-25 17:49:54,128 - INFO - TCN_derivative []
2024-07-25 17:49:54,128 - INFO - --------------------------------------------------------------------------------------------------------------------------------------------------------------------------------------------------------------------------
2024-07-25 17:49:54,128 - INFO - 

2024-07-25 17:50:26,236 - INFO - hyperparams lstm: {'window_size': 16, 'h_size': 8, 'l_num': 3, 'learning_rate': 0.008, 'batch_size': 12, 'experiment_number': 0, 'epochs': 1, 'input_channels': 3, 'output': 2, 'part_of_data': 2, 'percentage_of_data': 0.8, 'drop_half_timesteps': True, 'cut_off_timesteps': 0}
2024-07-25 17:50:26,236 - INFO - hyperparams tcn: {'window_size': 20, 'h_size': 24, 'l_num': 3, 'learning_rate': 0.001, 'batch_size': 12, 'act_fn': 'relu', 'nonlin_at_out': None, 'experiment_number': 1, 'epochs': 1, 'input_channels': 3, 'output': 2, 'part_of_data': 2, 'percentage_of_data': 0.8, 'drop_half_timesteps': True, 'cut_off_timesteps': 0}
2024-07-25 17:50:26,236 - INFO - hyperparams tcn: {'window_size': 30, 'learning_rate': 0.001, 'batch_size': 12, 'n_hidden': 5, 'levels': 4, 'kernel_size': 7, 'dropout': 0, 'experiment_number': 2, 'epochs': 1, 'input_channels': 3, 'output': 2, 'part_of_data': 2, 'percentage_of_data': 0.8, 'drop_half_timesteps': True, 'cut_off_timesteps': 0}
2024-07-25 17:50:26,236 - INFO - Epochs []
2024-07-25 17:50:26,236 - INFO - LSTM_derivative []
2024-07-25 17:50:26,237 - INFO - MLP_derivative []
2024-07-25 17:50:26,237 - INFO - TCN_derivative []
2024-07-25 17:50:26,237 - INFO - --------------------------------------------------------------------------------------------------------------------------------------------------------------------------------------------------------------------------
2024-07-25 17:50:26,237 - INFO - 

2024-07-25 17:53:10,260 - INFO - hyperparams lstm: {'window_size': 16, 'h_size': 8, 'l_num': 3, 'learning_rate': 0.008, 'batch_size': 2000, 'experiment_number': 0, 'epochs': 100, 'input_channels': 3, 'output': 2, 'part_of_data': 10, 'percentage_of_data': 0.8, 'drop_half_timesteps': True, 'cut_off_timesteps': 0}
2024-07-25 17:53:10,260 - INFO - hyperparams tcn: {'window_size': 20, 'h_size': 24, 'l_num': 3, 'learning_rate': 0.001, 'batch_size': 2000, 'act_fn': 'relu', 'nonlin_at_out': None, 'experiment_number': 1, 'epochs': 100, 'input_channels': 3, 'output': 2, 'part_of_data': 10, 'percentage_of_data': 0.8, 'drop_half_timesteps': True, 'cut_off_timesteps': 0}
2024-07-25 17:53:10,260 - INFO - hyperparams tcn: {'window_size': 30, 'learning_rate': 0.001, 'batch_size': 2000, 'n_hidden': 5, 'levels': 4, 'kernel_size': 7, 'dropout': 0, 'experiment_number': 2, 'epochs': 100, 'input_channels': 3, 'output': 2, 'part_of_data': 10, 'percentage_of_data': 0.8, 'drop_half_timesteps': True, 'cut_off_timesteps': 0}
2024-07-25 17:53:10,260 - INFO - Epochs [50, 100]
2024-07-25 17:53:10,260 - INFO - LSTM_derivative [15962.275579130408, 15962.275579130408]
2024-07-25 17:53:10,260 - INFO - MLP_derivative [44979265.996836, 44979265.996836]
2024-07-25 17:53:10,260 - INFO - TCN_derivative [9.058612897768676, 2.5558682955180365]
2024-07-25 17:53:10,260 - INFO - --------------------------------------------------------------------------------------------------------------------------------------------------------------------------------------------------------------------------
2024-07-25 17:53:10,260 - INFO - 

2024-07-25 17:55:39,055 - INFO - hyperparams lstm: {'window_size': 16, 'h_size': 8, 'l_num': 3, 'learning_rate': 0.008, 'batch_size': 2000, 'experiment_number': 0, 'epochs': 200, 'input_channels': 3, 'output': 2, 'part_of_data': 20, 'percentage_of_data': 0.8, 'drop_half_timesteps': True, 'cut_off_timesteps': 0}
2024-07-25 17:55:39,055 - INFO - hyperparams tcn: {'window_size': 20, 'h_size': 24, 'l_num': 3, 'learning_rate': 0.001, 'batch_size': 2000, 'act_fn': 'relu', 'nonlin_at_out': None, 'experiment_number': 1, 'epochs': 200, 'input_channels': 3, 'output': 2, 'part_of_data': 20, 'percentage_of_data': 0.8, 'drop_half_timesteps': True, 'cut_off_timesteps': 0}
2024-07-25 17:55:39,055 - INFO - hyperparams tcn: {'window_size': 30, 'learning_rate': 0.001, 'batch_size': 2000, 'n_hidden': 5, 'levels': 4, 'kernel_size': 7, 'dropout': 0, 'experiment_number': 2, 'epochs': 200, 'input_channels': 3, 'output': 2, 'part_of_data': 20, 'percentage_of_data': 0.8, 'drop_half_timesteps': True, 'cut_off_timesteps': 0}
2024-07-25 17:55:39,055 - INFO - Epochs [50, 100, 150, 200]
2024-07-25 17:55:39,055 - INFO - LSTM_derivative [6292.198866977802, 6292.198866977802, 6292.198866977802, 6292.198866977802]
2024-07-25 17:55:39,055 - INFO - MLP_derivative [1537.9952877351743, 1537.9952877351743, 1537.9952877351743, 1537.9952877351743]
2024-07-25 17:55:39,055 - INFO - TCN_derivative [0.6529557675909148, 16537.439301167833, 105717.1539707321, 25804748.74811585]
2024-07-25 17:55:39,055 - INFO - --------------------------------------------------------------------------------------------------------------------------------------------------------------------------------------------------------------------------
2024-07-25 17:55:39,055 - INFO - 

