2024-08-02 14:50:05,619 - INFO - hyperparams tcn: {'window_size': 30, 'learning_rate': 0.001, 'batch_size': 20, 'percentage_of_data': 0.9, 'cut_off_timesteps': 300, 'part_of_data': 0, 'epochs': 4, 'test_every_epochs': 2, 'kernel_size': 7, 'dropout': 0, 'n_hidden': 5, 'levels': 4, 'input_channels': 5, 'output': 3}
2024-08-02 14:50:05,619 - INFO - TCN [275.7197586658751, 0.07579976710962961]
2024-08-02 14:50:05,619 - INFO - --------------------------------------------------------------------------------------------------------------------------------------------------------------------------------------------------------------------------
2024-08-02 14:50:05,619 - INFO - 

2024-08-02 14:58:09,884 - INFO - hyperparams tcn: {'window_size': 30, 'learning_rate': 0.001, 'batch_size': 20, 'percentage_of_data': 0.8, 'cut_off_timesteps': 100, 'part_of_data': 10, 'epochs': 10, 'test_every_epochs': 20, 'kernel_size': 7, 'dropout': 0, 'n_hidden': 5, 'levels': 4, 'input_channels': 5, 'output': 3}
2024-08-02 14:58:09,885 - INFO - TCN []
2024-08-02 14:58:09,885 - INFO - --------------------------------------------------------------------------------------------------------------------------------------------------------------------------------------------------------------------------
2024-08-02 14:58:09,885 - INFO - 

2024-08-02 16:53:18,385 - INFO - hyperparams tcn: {'window_size': 30, 'learning_rate': 0.001, 'batch_size': 20, 'percentage_of_data': 0.8, 'cut_off_timesteps': 100, 'part_of_data': 0, 'epochs': 1000, 'test_every_epochs': 20, 'kernel_size': 7, 'dropout': 0, 'n_hidden': 5, 'levels': 4, 'input_channels': 5, 'output': 3}
2024-08-02 16:53:18,385 - INFO - TCN [0.4518682663934303, 0.05471793702573754, 0.026482426628311444, 0.027513001695999215, 0.03321140046744885, 0.01788616309521237, 0.009301602697191822, 0.011331008102318485, 0.03388996599814517, 0.03543185746545233, 0.009060909585998766, 0.010534721043726906, 0.015365314895725811, 0.01107798595511786, 0.007451284477602199, 0.012466193129052968, 0.010663718114269829, 0.008358099553507225, 0.02819493440277783, 0.009055049357896063, 0.010577740147692643, 0.014628071488971616, 0.006179693472034768, 0.004437816870429334, 0.005713361230011596, 0.004952000719157439, 0.007486633758571843, 0.003961704720260883, 0.0053048580093882506, 0.014260361904530368, 0.014274657105790121, 0.0029714608987075016, 0.0028911690873565502, 0.007435000867957524, 0.006558066620058106, 0.0027954847343497316, 0.0038330947411913422, 0.0018408612725460145, 0.005894539224927716, 0.0043028698080538, 0.003408082234219696, 0.006021464482053824, 0.005571996084322358, 0.004046554378135676, 0.002751043907820517, 0.003978888531540189, 0.0038685626238501, 0.0034406101988870125, 0.0024122834234862538, 0.0011431226514608938]
2024-08-02 16:53:18,385 - INFO - --------------------------------------------------------------------------------------------------------------------------------------------------------------------------------------------------------------------------
2024-08-02 16:53:18,385 - INFO - 

2024-08-05 14:39:02,069 - INFO - hyperparams tcn: {'window_size': 30, 'learning_rate': 0.001, 'batch_size': 20, 'percentage_of_data': 0.8, 'cut_off_timesteps': 100, 'part_of_data': 2, 'epochs': 1, 'test_every_epochs': 20, 'kernel_size': 7, 'dropout': 0, 'n_hidden': 5, 'levels': 4, 'input_channels': 5, 'output': 3, 'experiment_number': 20}
2024-08-05 14:39:02,069 - INFO - TCN - Experiment number 20_[]
2024-08-05 14:39:02,069 - INFO - --------------------------------------------------------------------------------------------------------------------------------------------------------------------------------------------------------------------------
2024-08-05 14:39:02,069 - INFO - 

2024-08-05 14:40:02,916 - INFO - hyperparams tcn: {'window_size': 30, 'learning_rate': 0.001, 'batch_size': 20, 'percentage_of_data': 0.8, 'cut_off_timesteps': 100, 'part_of_data': 2, 'epochs': 1, 'test_every_epochs': 20, 'kernel_size': 7, 'dropout': 0, 'n_hidden': 5, 'levels': 4, 'input_channels': 5, 'output': 3, 'experiment_number': 70}
2024-08-05 14:40:02,916 - INFO - TCN - Experiment number 70_[]
2024-08-05 14:40:02,916 - INFO - --------------------------------------------------------------------------------------------------------------------------------------------------------------------------------------------------------------------------
2024-08-05 14:40:02,916 - INFO - 

