2024-08-02 14:21:04,823 - INFO - hyperparams tcn: {'window_size': 30, 'learning_rate': 0.001, 'batch_size': 20, 'percentage_of_data': 0.9, 'cut_off_timesteps': 300, 'part_of_data': 10, 'epochs': 2, 'test_every_epochs': 2, 'kernel_size': 7, 'dropout': 0, 'n_hidden': 5, 'levels': 4, 'input_channels': 5, 'output': 3}
2024-08-02 14:21:04,823 - INFO - TCN [485.7135770644887]
2024-08-02 14:21:04,824 - INFO - --------------------------------------------------------------------------------------------------------------------------------------------------------------------------------------------------------------------------
2024-08-02 14:21:04,825 - INFO - 

2024-08-05 11:26:00,708 - INFO - hyperparams tcn: {'window_size': 30, 'learning_rate': 0.001, 'batch_size': 20, 'percentage_of_data': 0.9, 'cut_off_timesteps': 300, 'part_of_data': 10, 'epochs': 100, 'test_every_epochs': 2, 'kernel_size': 7, 'dropout': 0, 'n_hidden': 5, 'levels': 4, 'input_channels': 5, 'output': 3}
2024-08-05 11:26:00,708 - INFO - TCN []
2024-08-05 11:26:00,708 - INFO - --------------------------------------------------------------------------------------------------------------------------------------------------------------------------------------------------------------------------
2024-08-05 11:26:00,708 - INFO - 

2024-08-05 11:30:07,456 - INFO - hyperparams tcn: {'window_size': 30, 'learning_rate': 0.001, 'batch_size': 20, 'percentage_of_data': 0.9, 'cut_off_timesteps': 300, 'part_of_data': 10, 'epochs': 100, 'test_every_epochs': 2, 'kernel_size': 7, 'dropout': 0, 'n_hidden': 5, 'levels': 4, 'input_channels': 5, 'output': 3}
2024-08-05 11:30:07,456 - INFO - TCN []
2024-08-05 11:30:07,456 - INFO - --------------------------------------------------------------------------------------------------------------------------------------------------------------------------------------------------------------------------
2024-08-05 11:30:07,456 - INFO - 

2024-08-07 11:11:45,148 - INFO - hyperparams mlp: {'window_size': 20, 'h_size': 24, 'l_num': 3, 'learning_rate': 0.001, 'batch_size': 20, 'act_fn': 'relu', 'nonlin_at_out': None, 'percentage_of_data': 0.9, 'cut_off_timesteps': 300, 'part_of_data': 10, 'epochs': 10, 'test_every_epochs': 3, 'input_channels': 5, 'output': 3}
2024-08-07 11:11:45,151 - INFO - mlp [7.296380762235966, 1.1235828338452, 0.45081654866631277]
2024-08-07 11:11:45,152 - INFO - --------------------------------------------------------------------------------------------------------------------------------------------------------------------------------------------------------------------------
2024-08-07 11:11:45,153 - INFO - 

2024-08-07 14:50:54,708 - INFO - hyperparams mlp: {'window_size': 20, 'h_size': 24, 'l_num': 3, 'learning_rate': 0.001, 'batch_size': 20, 'act_fn': 'relu', 'nonlin_at_out': None, 'percentage_of_data': 0.9, 'cut_off_timesteps': 300, 'part_of_data': 10, 'epochs': 10, 'test_every_epochs': 3, 'input_channels': 5, 'output': 3}
2024-08-07 14:50:54,711 - INFO - mlp [4.333950897695657, 0.8820402733736097, 0.28389693980295044]
2024-08-07 14:50:54,711 - INFO - --------------------------------------------------------------------------------------------------------------------------------------------------------------------------------------------------------------------------
2024-08-07 14:50:54,711 - INFO - 

2024-08-07 14:53:46,112 - INFO - hyperparams mlp: {'window_size': 20, 'h_size': 24, 'l_num': 3, 'learning_rate': 0.001, 'batch_size': 20, 'act_fn': 'relu', 'nonlin_at_out': None, 'percentage_of_data': 0.9, 'cut_off_timesteps': 300, 'part_of_data': 10, 'epochs': 10, 'test_every_epochs': 3, 'input_channels': 5, 'output': 3}
2024-08-07 14:53:46,113 - INFO - mlp [1.8918414375986503, 0.16363647904163714, 0.06658036700257104]
2024-08-07 14:53:46,113 - INFO - --------------------------------------------------------------------------------------------------------------------------------------------------------------------------------------------------------------------------
2024-08-07 14:53:46,113 - INFO - 

2024-08-07 14:56:30,391 - INFO - hyperparams mlp: {'window_size': 20, 'h_size': 24, 'l_num': 3, 'learning_rate': 0.001, 'batch_size': 20, 'act_fn': 'relu', 'nonlin_at_out': None, 'percentage_of_data': 0.9, 'cut_off_timesteps': 0, 'part_of_data': 10, 'epochs': 20, 'test_every_epochs': 3, 'input_channels': 5, 'output': 3}
2024-08-07 14:56:30,392 - INFO - mlp [1.2889594622956067, 0.04275431755029424, 0.04063899107366667, 0.07436222228749581, 0.08605020761232983, 0.09248872214848468]
2024-08-07 14:56:30,392 - INFO - --------------------------------------------------------------------------------------------------------------------------------------------------------------------------------------------------------------------------
2024-08-07 14:56:30,393 - INFO - 

2024-08-07 15:00:18,084 - INFO - hyperparams mlp: {'window_size': 20, 'h_size': 24, 'l_num': 3, 'learning_rate': 0.001, 'batch_size': 20, 'act_fn': 'relu', 'nonlin_at_out': None, 'percentage_of_data': 0.9, 'cut_off_timesteps': 0, 'part_of_data': 10, 'epochs': 20, 'test_every_epochs': 3, 'input_channels': 5, 'output': 3}
2024-08-07 15:00:18,085 - INFO - mlp [553.0417225768093, 326.35790321152, 222.40092008907928, 172.45324979772542, 143.5269231615749, 122.14773934170564]
2024-08-07 15:00:18,086 - INFO - --------------------------------------------------------------------------------------------------------------------------------------------------------------------------------------------------------------------------
2024-08-07 15:00:18,086 - INFO - 

